PUMI Git hash cbdbf4d69bc05ddc4b7e241cfb9d6878f73a659c
"../geom.xmt_txt" and "../geom.smd" loaded in 0.006001 seconds
mesh bz2:../simMeshToMdsMesh/mdsMesh_bz2/ loaded in 0.290207 seconds
number of tet 39855 hex 0 prism 0 pyramid 0
mesh entity counts: v 13696 e 67247 f 93406 r 39855
mesh verified in 0.273182 seconds
ZOLTAN Load balancing method = 9 (GRAPH)
Build configuration:

  ZOLTAN_ID_TYPE: unsigned long (8 bytes)
  ZOLTAN_GNO_TYPE: ssize_t, (8 bytes)
  MPI_Datatype for ZOLTAN_ID_TYPE: MPI_UNSIGNED_LONG
  MPI_Datatype for ZOLTAN_GNO_TYPE: MPI_LONG
  Third party library: ParMetis version 4.0.3

ZOLTAN Parameter IMBALANCE_TOL[0] = 1.010000
ZOLTAN Parameter AUTO_MIGRATE = FALSE
ZOLTAN Parameter MIGRATE_ONLY_PROC_CHANGES = 1
ZOLTAN Parameter OBJ_WEIGHT_DIM = 1
ZOLTAN Parameter EDGE_WEIGHT_DIM = 0
ZOLTAN Parameter DEBUG_LEVEL = 1
ZOLTAN Parameter DEBUG_PROCESSOR = 0
ZOLTAN Parameter DETERMINISTIC = TRUE
ZOLTAN Parameter TIMER = 1 (wall)
ZOLTAN Parameter NUM_GID_ENTRIES = 1
ZOLTAN Parameter NUM_LID_ENTRIES = 1
ZOLTAN Parameter RETURN_LISTS = EXPORT
ZOLTAN Parameter NUM_GLOBAL_PARTS = 8
ZOLTAN Parameter NUM_LOCAL_PARTS = 8
ZOLTAN Parameter REMAP = 1
ZOLTAN Parameter SEED = 123456789 (123456789)
ZOLTAN Parameter LB_APPROACH = REPARTITION
ZOLTAN Parameter GRAPH_PACKAGE = PARMETIS
ZOLTAN Parameter PARMETIS_METHOD = PARTKWAY
ZOLTAN Parameter PARMETIS_OUTPUT_LEVEL = 1
ZOLTAN Parameter PARMETIS_SEED = 15
ZOLTAN Parameter PARMETIS_ITR = 100.000000
ZOLTAN Parameter PARMETIS_COARSE_ALG = 2
ZOLTAN Parameter PARMETIS_FOLD = 0
Third party library real type is 4-byte real number
Third party library index type is 8-byte integer
Third party library weight type is 8-byte integer
ZOLTAN Parameter CHECK_GRAPH = 0
ZOLTAN Parameter SCATTER_GRAPH = 1
ZOLTAN Parameter FINAL_OUTPUT = 0
ZOLTAN Parameter USE_TIMERS = 0
ZOLTAN Parameter ADD_OBJ_WEIGHT = NONE
ZOLTAN Parameter GRAPH_SYMMETRIZE = NONE
ZOLTAN Parameter GRAPH_SYM_WEIGHT = ADD
ZOLTAN Parameter GRAPH_BIPARTITE_TYPE = OBJ
ZOLTAN Parameter GRAPH_BUILD_TYPE = FAST_NO_DUP
ZOLTAN Parameter GRAPH_FAST_BUILD_BASE = 0
planned Zoltan split factor 8 to target imbalance 1.010000 in 0.193369 seconds
mesh expanded from 1 to 8 parts in 0.081515 seconds
mesh migrated from 1 to 8 in 1.151119 seconds
PARMA_STATUS preRefine disconnected <max avg> 0 0.000
PARMA_STATUS preRefine neighbors <max avg> 5 3.250
PARMA_STATUS preRefine smallest side of max neighbor part 8
PARMA_STATUS preRefine num parts with max neighbors 1
PARMA_STATUS preRefine empty parts 0
PARMA_STATUS preRefine small neighbor counts 1:0 2:0 3:0 4:0 5:0 6:0 7:0 8:2 9:0 10:0 
PARMA_STATUS preRefine weighted vtx <tot max min avg> 14324.0 1812.0 1774.0 1790.500
PARMA_STATUS preRefine weighted edge <tot max min avg> 68479.0 8607.0 8518.0 8559.875
PARMA_STATUS preRefine weighted face <tot max min avg> 94018.0 11811.0 11675.0 11752.250
PARMA_STATUS preRefine weighted rgn <tot max min avg> 39855.0 5019.0 4944.0 4981.875
PARMA_STATUS preRefine owned bdry vtx <tot max min avg> 618 139 0 77.250
PARMA_STATUS preRefine shared bdry vtx <tot max min avg> 1246 218 37 155.750
PARMA_STATUS preRefine model bdry vtx <tot max min avg> 14324 1812 1774 1790.500
PARMA_STATUS preRefine sharedSidesToElements <max min avg> 0.043 0.007 0.031
PARMA_STATUS preRefine entity imbalance <v e f r>: 1.01 1.01 1.00 1.01
PARMA_STATUS elm imbalance 1.007 avg 4981.875
PARMA_STATUS max neighbor slope 1.000000 tolerance 0.005000
PARMA_STATUS 10 elements migrated in 0.001416 seconds
PARMA_STATUS elm imbalance 1.007 avg 4981.875
PARMA_STATUS max neighbor slope 1.000000 tolerance 0.005000
PARMA_STATUS 14 elements migrated in 0.001595 seconds
PARMA_STATUS elm imbalance 1.007 avg 4981.875
PARMA_STATUS max neighbor slope 0.666667 tolerance 0.005000
PARMA_STATUS 3 elements migrated in 0.001019 seconds
PARMA_STATUS elm imbalance 1.007 avg 4981.875
PARMA_STATUS max neighbor slope 0.500000 tolerance 0.005000
PARMA_STATUS 3 elements migrated in 0.001027 seconds
PARMA_STATUS elm imbalance 1.007 avg 4981.875
PARMA_STATUS max neighbor slope 0.500000 tolerance 0.004000
PARMA_STATUS no targets found... stopping
PARMA_STATUS gap balanced in 4 steps to 1.008942 in 0.060115 seconds
PARMA_STATUS postGap disconnected <max avg> 0 0.000
PARMA_STATUS postGap neighbors <max avg> 4 3.000
PARMA_STATUS postGap smallest side of max neighbor part 26
PARMA_STATUS postGap num parts with max neighbors 3
PARMA_STATUS postGap empty parts 0
PARMA_STATUS postGap small neighbor counts 1:0 2:0 3:0 4:0 5:0 6:0 7:0 8:0 9:0 10:0 
PARMA_STATUS postGap weighted vtx <tot max min avg> 14333.0 1806.0 1775.0 1791.625
PARMA_STATUS postGap weighted edge <tot max min avg> 68497.0 8584.0 8519.0 8562.125
PARMA_STATUS postGap weighted face <tot max min avg> 94027.0 11811.0 11675.0 11753.375
PARMA_STATUS postGap weighted rgn <tot max min avg> 39855.0 5019.0 4944.0 4981.875
PARMA_STATUS postGap owned bdry vtx <tot max min avg> 629 221 0 78.625
PARMA_STATUS postGap shared bdry vtx <tot max min avg> 1266 221 37 158.250
PARMA_STATUS postGap model bdry vtx <tot max min avg> 14333 1806 1775 1791.625
PARMA_STATUS postGap sharedSidesToElements <max min avg> 0.044 0.007 0.031
PARMA_STATUS postGap entity imbalance <v e f r>: 1.01 1.00 1.00 1.01
PARMA_STATUS stepFactor 0.300
PARMA_STATUS sideTol 158
PARMA_STATUS vtxImb 1.008023 avgSides 158.250000
PARMA_STATUS vtx imbalance 1.008 avg 1791.625
PARMA_STATUS imbSlope 1.000000 sidesSlope 1.000000
PARMA_STATUS vertices balanced in 0 steps to 1.050000 in 0.202049 seconds
PARMA_STATUS post vertices disconnected <max avg> 0 0.000
PARMA_STATUS post vertices neighbors <max avg> 4 3.000
PARMA_STATUS post vertices smallest side of max neighbor part 26
PARMA_STATUS post vertices num parts with max neighbors 3
PARMA_STATUS post vertices empty parts 0
PARMA_STATUS post vertices small neighbor counts 1:0 2:0 3:0 4:0 5:0 6:0 7:0 8:0 9:0 10:0 
PARMA_STATUS post vertices weighted vtx <tot max min avg> 14333.0 1806.0 1775.0 1791.625
PARMA_STATUS post vertices weighted edge <tot max min avg> 68497.0 8584.0 8519.0 8562.125
PARMA_STATUS post vertices weighted face <tot max min avg> 94027.0 11811.0 11675.0 11753.375
PARMA_STATUS post vertices weighted rgn <tot max min avg> 39855.0 5019.0 4944.0 4981.875
PARMA_STATUS post vertices owned bdry vtx <tot max min avg> 629 221 0 78.625
PARMA_STATUS post vertices shared bdry vtx <tot max min avg> 1266 221 37 158.250
PARMA_STATUS post vertices model bdry vtx <tot max min avg> 14333 1806 1775 1791.625
PARMA_STATUS post vertices sharedSidesToElements <max min avg> 0.044 0.007 0.031
PARMA_STATUS post vertices entity imbalance <v e f r>: 1.01 1.00 1.00 1.01
PARMA_STATUS stepFactor 0.300
PARMA_STATUS maxVtx 1806.000
PARMA_STATUS sideTol 158
PARMA_STATUS vtx imbalance 1.008
PARMA_STATUS elmImb 1.007452 avgSides 158.250000
PARMA_STATUS elm imbalance 1.007 avg 4981.875
PARMA_STATUS imbSlope 1.000000 sidesSlope 1.000000
PARMA_STATUS elements balanced in 0 steps to 1.050000 in 0.203530 seconds
PARMA_STATUS post Parma_MakeVtxElmBalancer disconnected <max avg> 0 0.000
PARMA_STATUS post Parma_MakeVtxElmBalancer neighbors <max avg> 4 3.000
PARMA_STATUS post Parma_MakeVtxElmBalancer smallest side of max neighbor part 26
PARMA_STATUS post Parma_MakeVtxElmBalancer num parts with max neighbors 3
PARMA_STATUS post Parma_MakeVtxElmBalancer empty parts 0
PARMA_STATUS post Parma_MakeVtxElmBalancer small neighbor counts 1:0 2:0 3:0 4:0 5:0 6:0 7:0 8:0 9:0 10:0 
PARMA_STATUS post Parma_MakeVtxElmBalancer weighted vtx <tot max min avg> 14333.0 1806.0 1775.0 1791.625
PARMA_STATUS post Parma_MakeVtxElmBalancer weighted edge <tot max min avg> 68497.0 8584.0 8519.0 8562.125
PARMA_STATUS post Parma_MakeVtxElmBalancer weighted face <tot max min avg> 94027.0 11811.0 11675.0 11753.375
PARMA_STATUS post Parma_MakeVtxElmBalancer weighted rgn <tot max min avg> 39855.0 5019.0 4944.0 4981.875
PARMA_STATUS post Parma_MakeVtxElmBalancer owned bdry vtx <tot max min avg> 629 221 0 78.625
PARMA_STATUS post Parma_MakeVtxElmBalancer shared bdry vtx <tot max min avg> 1266 221 37 158.250
PARMA_STATUS post Parma_MakeVtxElmBalancer model bdry vtx <tot max min avg> 14333 1806 1775 1791.625
PARMA_STATUS post Parma_MakeVtxElmBalancer sharedSidesToElements <max min avg> 0.044 0.007 0.031
PARMA_STATUS post Parma_MakeVtxElmBalancer entity imbalance <v e f r>: 1.01 1.00 1.00 1.01
PARMA_STATUS elm imbalance 1.007 avg 4981.875
PARMA_STATUS max neighbor slope 1.000000 tolerance 0.004000
PARMA_STATUS no targets found... stopping
PARMA_STATUS gap balanced in 0 steps to 1.008942 in 0.011135 seconds
PARMA_STATUS postGap disconnected <max avg> 0 0.000
PARMA_STATUS postGap neighbors <max avg> 4 3.000
PARMA_STATUS postGap smallest side of max neighbor part 26
PARMA_STATUS postGap num parts with max neighbors 3
PARMA_STATUS postGap empty parts 0
PARMA_STATUS postGap small neighbor counts 1:0 2:0 3:0 4:0 5:0 6:0 7:0 8:0 9:0 10:0 
PARMA_STATUS postGap weighted vtx <tot max min avg> 14333.0 1806.0 1775.0 1791.625
PARMA_STATUS postGap weighted edge <tot max min avg> 68497.0 8584.0 8519.0 8562.125
PARMA_STATUS postGap weighted face <tot max min avg> 94027.0 11811.0 11675.0 11753.375
PARMA_STATUS postGap weighted rgn <tot max min avg> 39855.0 5019.0 4944.0 4981.875
PARMA_STATUS postGap owned bdry vtx <tot max min avg> 629 221 0 78.625
PARMA_STATUS postGap shared bdry vtx <tot max min avg> 1266 221 37 158.250
PARMA_STATUS postGap model bdry vtx <tot max min avg> 14333 1806 1775 1791.625
PARMA_STATUS postGap sharedSidesToElements <max min avg> 0.044 0.007 0.031
PARMA_STATUS postGap entity imbalance <v e f r>: 1.01 1.00 1.00 1.01
STATUS vtx imbalance target 1.050 reached
mesh reordered in 0.083679 seconds
max vertex load imbalance of partitioned mesh = 1.054907
ratio of sum of all vertices to sum of owned vertices = 1.046510
max region (3D) or face (2D) load imbalance of partitioned mesh = 1.007452
getGrowthCurves: warning! not implemented for MDS mesh
generated output structs in 0.099895 seconds
solution written in 0.062939 seconds
mesh bz2:mdsMesh_bz2/ written in 0.319946 seconds
geombc file written in 0.209214 seconds
mesh verified in 0.059360 seconds
