This is LuaTeX, Version 1.10.0 (TeX Live 2019)  (format=lualatex 2019.5.8)  17 NOV 2020 15:35
 restricted system commands enabled.
**BiFiPCE_JH_FN.tex
(./BiFiPCE_JH_FN.tex
LaTeX2e <2018-12-01>
Lua module: luaotfload-main 2019-02-14 2.96 luaotfload entry point
Lua module: luaotfload-init 2019-02-14 2.96 luaotfload submodule / initializatio
n
Lua module: lualibs 2019-02-14 2.64 ConTeXt Lua standard libraries.
Lua module: lualibs-extended 2019-02-14 2.64 ConTeXt Lua libraries -- extended c
ollection.
Lua module: luaotfload-log 2019-02-14 2.96 luaotfload submodule / logging
Lua module: luaotfload-parsers 2019-02-14 2.96 luaotfload submodule / filelist
Lua module: luaotfload-configuration 2019-02-14 2.96 luaotfload submodule / conf
ig file reader
luaotfload | conf : Root cache directory is /Users/felixnewberry/Library/texlive
/2019/texmf-var/luatex-cache/generic/names.
luaotfload | init : Loading fontloader “fontloader-2019-02-14.lua” from kpse
-resolved path “/usr/local/texlive/2019/texmf-dist/tex/luatex/luaotfload/fontl
oader-2019-02-14.lua”.
Lua-only attribute luaotfload@state = 2
Lua-only attribute luaotfload@noligature = 3
Lua-only attribute luaotfload@syllabe = 4
luaotfload | init : Context OpenType loader version “3.107”
Inserting `luaotfload.node_processor' at position 1 in `pre_linebreak_filter'.
Inserting `luaotfload.node_processor' at position 1 in `hpack_filter'.
Lua module: luaotfload-loaders 2019-02-14 2.96 luaotfload submodule / callback h
andling
Inserting `luaotfload.define_font' at position 1 in `define_font'.
Lua module: luaotfload-database 2019-02-14 2.96 luaotfload submodule / database
Lua module: luaotfload-colors 2019-02-14 2.96 luaotfload submodule / color
Lua-only attribute luaotfload_color_attribute = 5
Lua module: luaotfload-resolvers 2019-02-14 2.96 luaotfload submodule / resolver
s
luaotfload | conf : Root cache directory is /Users/felixnewberry/Library/texlive
/2019/texmf-var/luatex-cache/generic/names.
Lua module: luaotfload-features 2019-02-14 2.96 luaotfload submodule / features
Lua module: luaotfload-letterspace 2019-02-14 2.96 luaotfload submodule / color
Lua module: luaotfload-auxiliary 2019-02-14 2.96 luaotfload submodule / auxiliar
y functions
Inserting `luaotfload.aux.set_sscale_dimens' at position 1 in `luaotfload.patch_
font'.
Inserting `luaotfload.aux.patch_cambria_domh' at position 2 in `luaotfload.patch
_font'.
Inserting `luaotfload.aux.fixup_fontdata' at position 1 in `luaotfload.patch_fon
t_unsafe'.
Inserting `luaotfload.aux.set_capheight' at position 3 in `luaotfload.patch_font
'.
Inserting `luaotfload.rewrite_fontname' at position 4 in `luaotfload.patch_font'
.
luaotfload | main : initialization completed in 0.096 seconds
(/usr/local/texlive/2019/texmf-dist/tex/latex/base/report.cls
Document Class: report 2018/09/03 v1.4i Standard LaTeX document class
(/usr/local/texlive/2019/texmf-dist/tex/latex/base/size10.clo
File: size10.clo 2018/09/03 v1.4i Standard LaTeX file (size option)
luaotfload | db : Font names database loaded from /Users/felixnewberry/Library/t
exlive/2019/texmf-var/luatex-cache/generic/names/luaotfload-names.luc)
\c@part=\count80
\c@chapter=\count81
\c@section=\count82
\c@subsection=\count83
\c@subsubsection=\count84
\c@paragraph=\count85
\c@subparagraph=\count86
\c@figure=\count87
\c@table=\count88
\abovecaptionskip=\skip41
\belowcaptionskip=\skip42
\bibindent=\dimen102
)
(/usr/local/texlive/2019/texmf-dist/tex/latex/graphics/graphicx.sty
Package: graphicx 2017/06/01 v1.1a Enhanced LaTeX Graphics (DPC,SPQR)

(/usr/local/texlive/2019/texmf-dist/tex/latex/graphics/keyval.sty
Package: keyval 2014/10/28 v1.15 key=value parser (DPC)
\KV@toks@=\toks14
)
(/usr/local/texlive/2019/texmf-dist/tex/latex/graphics/graphics.sty
Package: graphics 2017/06/25 v1.2c Standard LaTeX Graphics (DPC,SPQR)

(/usr/local/texlive/2019/texmf-dist/tex/latex/graphics/trig.sty
Package: trig 2016/01/03 v1.10 sin cos tan (DPC)
)
(/usr/local/texlive/2019/texmf-dist/tex/latex/graphics-cfg/graphics.cfg
File: graphics.cfg 2016/06/04 v1.11 sample graphics configuration
)
Package graphics Info: Driver file: luatex.def on input line 99.

(/usr/local/texlive/2019/texmf-dist/tex/latex/graphics-def/luatex.def
File: luatex.def 2018/01/08 v1.0l Graphics/color driver for luatex
))
\Gin@req@height=\dimen103
\Gin@req@width=\dimen104
)
(/usr/local/texlive/2019/texmf-dist/tex/latex/algorithms/algorithmic.sty
Package: algorithmic 2009/08/24 v0.1 Document Style `algorithmic'

(/usr/local/texlive/2019/texmf-dist/tex/latex/base/ifthen.sty
Package: ifthen 2014/09/29 v1.1c Standard LaTeX ifthen package (DPC)
)
\c@ALC@unique=\count89
\c@ALC@line=\count90
\c@ALC@rem=\count91
\c@ALC@depth=\count92
\ALC@tlm=\skip43
\algorithmicindent=\skip44
)
(/usr/local/texlive/2019/texmf-dist/tex/latex/algorithm2e/algorithm2e.sty
Package: algorithm2e 2017/07/18 v5.2 algorithms environments
\c@AlgoLine=\count93
\algocf@hangindent=\skip45

(/usr/local/texlive/2019/texmf-dist/tex/latex/ifoddpage/ifoddpage.sty
Package: ifoddpage 2016/04/23 v1.1 Conditionals for odd/even page detection
\c@checkoddpage=\count94
)
(/usr/local/texlive/2019/texmf-dist/tex/latex/tools/xspace.sty
Package: xspace 2014/10/28 v1.13 Space after command names (DPC,MH)
)
(/usr/local/texlive/2019/texmf-dist/tex/latex/relsize/relsize.sty
Package: relsize 2013/03/29 ver 4.1
)
\skiptotal=\skip46
\skiplinenumber=\skip47
\skiprule=\skip48
\skiphlne=\skip49
\skiptext=\skip50
\skiplength=\skip51
\algomargin=\skip52
\skipalgocfslide=\skip53
\algowidth=\dimen105
\inoutsize=\dimen106
\inoutindent=\dimen107
\interspacetitleruled=\dimen108
\interspacealgoruled=\dimen109
\interspacetitleboxruled=\dimen110
\algocf@ruledwidth=\skip54
\algocf@inoutbox=\box27
\algocf@inputbox=\box28
\AlCapSkip=\skip55
\AlCapHSkip=\skip56
\algoskipindent=\skip57
\algocf@nlbox=\box29
\algocf@hangingbox=\box30
\algocf@untilbox=\box31
\algocf@skipuntil=\skip58
\algocf@capbox=\box32
\algocf@lcaptionbox=\skip59
\algoheightruledefault=\skip60
\algoheightrule=\skip61
\algotitleheightruledefault=\skip62
\algotitleheightrule=\skip63
\c@algocfline=\count95
\c@algocfproc=\count96
\c@algocf=\count97
\algocf@algoframe=\box33
\algocf@algobox=\box34
)
(/usr/local/texlive/2019/texmf-dist/tex/latex/psfrag/psfrag.sty
Package: psfrag 1998/04/11 v3.04 PSfrag (MCG)
\pfg@pcount=\count98
\pfg@scount=\count99
\pfg@temp=\write3
)
(/usr/local/texlive/2019/texmf-dist/tex/latex/amsfonts/amssymb.sty
Package: amssymb 2013/01/14 v3.01 AMS font symbols

(/usr/local/texlive/2019/texmf-dist/tex/latex/amsfonts/amsfonts.sty
Package: amsfonts 2013/01/14 v3.01 Basic AMSFonts support
\@emptytoks=\toks15
\symAMSa=\mathgroup4
\symAMSb=\mathgroup5
LaTeX Font Info:    Overwriting math alphabet `\mathfrak' in version `bold'
(Font)                  U/euf/m/n --> U/euf/b/n on input line 106.
))
(/usr/local/texlive/2019/texmf-dist/tex/latex/amscls/amsthm.sty
Package: amsthm 2017/10/31 v2.20.4
\thm@style=\toks16
\thm@bodyfont=\toks17
\thm@headfont=\toks18
\thm@notefont=\toks19
\thm@headpunct=\toks20
\thm@preskip=\skip64
\thm@postskip=\skip65
\thm@headsep=\skip66
\dth@everypar=\toks21
)
(/usr/local/texlive/2019/texmf-dist/tex/latex/lineno/lineno.sty
Package: lineno 2005/11/02 line numbers on paragraphs v4.41
\linenopenalty=\count100
\output=\toks22
\linenoprevgraf=\count101
\linenumbersep=\dimen111
\linenumberwidth=\dimen112
\c@linenumber=\count102
\c@pagewiselinenumber=\count103
\c@LN@truepage=\count104
\c@internallinenumber=\count105
\c@internallinenumbers=\count106
\quotelinenumbersep=\dimen113
\bframerule=\dimen114
\bframesep=\dimen115
\bframebox=\box35
LaTeX Info: Redefining \\ on input line 3056.
)
(/usr/local/texlive/2019/texmf-dist/tex/latex/amsmath/amsmath.sty
Package: amsmath 2018/12/01 v2.17b AMS math features
\@mathmargin=\skip67

For additional information on amsmath, use the `?' option.
(/usr/local/texlive/2019/texmf-dist/tex/latex/amsmath/amstext.sty
Package: amstext 2000/06/29 v2.01 AMS text

(/usr/local/texlive/2019/texmf-dist/tex/latex/amsmath/amsgen.sty
File: amsgen.sty 1999/11/30 v2.0 generic functions
\@emptytoks=\toks23
\ex@=\dimen116
))
(/usr/local/texlive/2019/texmf-dist/tex/latex/amsmath/amsbsy.sty
Package: amsbsy 1999/11/29 v1.2d Bold Symbols
\pmbraise@=\dimen117
)
(/usr/local/texlive/2019/texmf-dist/tex/latex/amsmath/amsopn.sty
Package: amsopn 2016/03/08 v2.02 operator names
)
\inf@bad=\count107
LaTeX Info: Redefining \frac on input line 223.
\uproot@=\count108
\leftroot@=\count109
LaTeX Info: Redefining \overline on input line 385.
\classnum@=\count110
\DOTSCASE@=\count111
LaTeX Info: Redefining \ldots on input line 482.
LaTeX Info: Redefining \dots on input line 485.
LaTeX Info: Redefining \cdots on input line 606.
\Mathstrutbox@=\box36
\strutbox@=\box37
\big@size=\dimen118
LaTeX Font Info:    Redeclaring font encoding OML on input line 729.
LaTeX Font Info:    Redeclaring font encoding OMS on input line 730.
\macc@depth=\count112
\c@MaxMatrixCols=\count113
\dotsspace@=\muskip10
\c@parentequation=\count114
\dspbrk@lvl=\count115
\tag@help=\toks24
\row@=\count116
\column@=\count117
\maxfields@=\count118
\andhelp@=\toks25
\eqnshift@=\dimen119
\alignsep@=\dimen120
\tagshift@=\dimen121
\tagwidth@=\dimen122
\totwidth@=\dimen123
\lineht@=\dimen124
\@envbody=\toks26
\multlinegap=\skip68
\multlinetaggap=\skip69
\mathdisplay@stack=\toks27
LaTeX Info: Redefining \[ on input line 2844.
LaTeX Info: Redefining \] on input line 2845.
)
(/usr/local/texlive/2019/texmf-dist/tex/latex/pstricks-add/pstricks-add.sty
(/usr/local/texlive/2019/texmf-dist/tex/latex/pstricks/pstricks.sty
Package: pstricks 2018/12/21 v0.69 LaTeX wrapper for `PSTricks' (RN,HV)

(/usr/local/texlive/2019/texmf-dist/tex/generic/iftex/iftex.sty
Package: iftex 2013/04/04 v0.2 Provides if(tex) conditional for PDFTeX, XeTeX, a
nd LuaTeX
)
(/usr/local/texlive/2019/texmf-dist/tex/latex/tools/shellesc.sty
Package: shellesc 2016/06/07 v0.02a unified shell escape interface for LaTeX
Package shellesc Info: Restricted shell escape enabled on input line 69.
)
(/usr/local/texlive/2019/texmf-dist/tex/latex/xcolor/xcolor.sty
Package: xcolor 2016/05/11 v2.12 LaTeX color extensions (UK)

(/usr/local/texlive/2019/texmf-dist/tex/latex/graphics-cfg/color.cfg
File: color.cfg 2016/01/02 v1.6 sample color configuration
)
Package xcolor Info: Driver file: luatex.def on input line 225.
Package xcolor Info: Model `cmy' substituted by `cmy0' on input line 1348.
Package xcolor Info: Model `hsb' substituted by `rgb' on input line 1352.
Package xcolor Info: Model `RGB' extended on input line 1364.
Package xcolor Info: Model `HTML' substituted by `rgb' on input line 1366.
Package xcolor Info: Model `Hsb' substituted by `hsb' on input line 1367.
Package xcolor Info: Model `tHsb' substituted by `hsb' on input line 1368.
Package xcolor Info: Model `HSB' substituted by `hsb' on input line 1369.
Package xcolor Info: Model `Gray' substituted by `gray' on input line 1370.
Package xcolor Info: Model `wave' substituted by `hsb' on input line 1371.
)
(/usr/local/texlive/2019/texmf-dist/tex/generic/xkeyval/pst-xkey.tex
File: pst-xkey.tex 2005/11/25 v1.6 PSTricks specialization of xkeyval (HA)

(/usr/local/texlive/2019/texmf-dist/tex/latex/xkeyval/xkeyval.sty
Package: xkeyval 2014/12/03 v2.7a package option processing (HA)

(/usr/local/texlive/2019/texmf-dist/tex/generic/xkeyval/xkeyval.tex
(/usr/local/texlive/2019/texmf-dist/tex/generic/xkeyval/xkvutils.tex
\XKV@toks=\toks28
\XKV@tempa@toks=\toks29
)
\XKV@depth=\count119
File: xkeyval.tex 2014/12/03 v2.7a key=value parser (HA)
)))
(/usr/local/texlive/2019/texmf-dist/tex/generic/pstricks/pstricks.tex
(/usr/local/texlive/2019/texmf-dist/tex/generic/pstricks/pst-fp.tex
`pst-fp' v0.05, 2010/01/17 (hv)
\pstFP@xs=\count120
\pstFP@xia=\count121
\pstFP@xib=\count122
\pstFP@xfa=\count123
\pstFP@xfb=\count124
\pstFP@rega=\count125
\pstFP@regb=\count126
\pstFP@regs=\count127
\pstFP@times=\count128
)
(/usr/local/texlive/2019/texmf-dist/tex/generic/pgf/utilities/pgfutil-common.te
x
\pgfutil@everybye=\toks30
\pgfutil@tempdima=\dimen125
\pgfutil@tempdimb=\dimen126

(/usr/local/texlive/2019/texmf-dist/tex/generic/pgf/utilities/pgfutil-common-li
sts.tex))
(/usr/local/texlive/2019/texmf-dist/tex/generic/pgf/utilities/pgfkeys.code.tex
\pgfkeys@pathtoks=\toks31
\pgfkeys@temptoks=\toks32

(/usr/local/texlive/2019/texmf-dist/tex/generic/pgf/utilities/pgfkeysfiltered.c
ode.tex
\pgfkeys@tmptoks=\toks33
))
(/usr/local/texlive/2019/texmf-dist/tex/generic/pgf/utilities/pgffor.code.tex
Loading pgffor.code.tex
(/usr/local/texlive/2019/texmf-dist/tex/generic/pgf/math/pgfmath.code.tex
(/usr/local/texlive/2019/texmf-dist/tex/generic/pgf/math/pgfmathcalc.code.tex
(/usr/local/texlive/2019/texmf-dist/tex/generic/pgf/math/pgfmathutil.code.tex
\pgf@x=\dimen127
\pgf@xa=\dimen128
\pgf@xb=\dimen129
\pgf@xc=\dimen130
\pgf@y=\dimen131
\pgf@ya=\dimen132
\pgf@yb=\dimen133
\pgf@yc=\dimen134
\c@pgf@counta=\count129
\c@pgf@countb=\count130
\c@pgf@countc=\count131
\c@pgf@countd=\count132
\pgfutil@tempcnta=\count133
\pgfutil@tempcntb=\count134
)
(/usr/local/texlive/2019/texmf-dist/tex/generic/pgf/math/pgfmathparser.code.tex
\pgfmath@dimen=\dimen135
\pgfmath@count=\count135
\pgfmath@box=\box38
\pgfmath@toks=\toks34
\pgfmath@stack@operand=\toks35
\pgfmath@stack@operation=\toks36
)
(/usr/local/texlive/2019/texmf-dist/tex/generic/pgf/math/pgfmathfunctions.code.
tex
(/usr/local/texlive/2019/texmf-dist/tex/generic/pgf/math/pgfmathfunctions.basic
.code.tex)
(/usr/local/texlive/2019/texmf-dist/tex/generic/pgf/math/pgfmathfunctions.trigo
nometric.code.tex)
(/usr/local/texlive/2019/texmf-dist/tex/generic/pgf/math/pgfmathfunctions.rando
m.code.tex)
(/usr/local/texlive/2019/texmf-dist/tex/generic/pgf/math/pgfmathfunctions.compa
rison.code.tex)
(/usr/local/texlive/2019/texmf-dist/tex/generic/pgf/math/pgfmathfunctions.base.
code.tex)
(/usr/local/texlive/2019/texmf-dist/tex/generic/pgf/math/pgfmathfunctions.round
.code.tex)
(/usr/local/texlive/2019/texmf-dist/tex/generic/pgf/math/pgfmathfunctions.misc.
code.tex)
(/usr/local/texlive/2019/texmf-dist/tex/generic/pgf/math/pgfmathfunctions.integ
erarithmetics.code.tex)))
(/usr/local/texlive/2019/texmf-dist/tex/generic/pgf/math/pgfmathfloat.code.tex
\c@pgfmathroundto@lastzeros=\count136
))
\pgffor@iter=\dimen136
\pgffor@skip=\dimen137
\pgffor@stack=\toks37
\pgffor@toks=\toks38
)
\psLoopIndex=\count137

`PSTricks' v2.96  <2019/02/23> (tvz,hv)
\pst@dima=\dimen138
\pst@dimb=\dimen139
\pst@dimc=\dimen140
\pst@dimd=\dimen141
\pst@dimg=\dimen142
\pst@dimh=\dimen143
\pst@dimm=\dimen144
\pst@dimn=\dimen145
\pst@dimo=\dimen146
\pst@dimp=\dimen147
\pst@hbox=\box39
\pst@ibox=\box40
\pst@boxg=\box41
\pst@cnta=\count138
\pst@cntb=\count139
\pst@cntc=\count140
\pst@cntd=\count141
\pst@cntg=\count142
\pst@cnth=\count143
\pst@cntm=\count144
\pst@cntn=\count145
\pst@cnto=\count146
\pst@cntp=\count147
\@zero=\count148
\pst@toks=\toks39
(/usr/local/texlive/2019/texmf-dist/tex/generic/pstricks/pstricks.con)
\psunit=\dimen148
\psxunit=\dimen149
\psyunit=\dimen150
\pst@C@@rType=\count149
\pslinewidth=\dimen151
\psk@startLW=\dimen152
\psk@endLW=\dimen153
\pst@customdefs=\toks40
\pslinearc=\dimen154
\pst@symbolStep=\dimen155
\pst@symbolWidth=\dimen156
\pst@symbolLinewidth=\dimen157
\everypsbox=\toks41
\psframesep=\dimen158
\pslabelsep=\dimen159
\sh@wgridXunit=\dimen160
\sh@wgridYunit=\dimen161
\pst@shift=\dimen162
)
File: pstricks.tex 2019/02/23 v2.96 `PSTricks' (tvz,hv)

(/usr/local/texlive/2019/texmf-dist/tex/generic/pstricks/pst-fp.tex)
File: pst-fp.tex 2019/02/23 v2.96 `PST-fp' (hv)
)
(/usr/local/texlive/2019/texmf-dist/tex/latex/pst-plot/pst-plot.sty
Package: pst-plot 2011/06/05 v1.00 LaTeX wrapper for `pst-plot' (HV)

(/usr/local/texlive/2019/texmf-dist/tex/latex/xkeyval/pst-xkey.sty
Package: pst-xkey 2005/11/25 v1.6 package wrapper for pst-xkey.tex (HA)
)
(/usr/local/texlive/2019/texmf-dist/tex/latex/multido/multido.sty
Package: multido 2004/05/17 package wrapper for PSTricks `multido.tex', (HV/RN)

(/usr/local/texlive/2019/texmf-dist/tex/generic/multido/multido.tex
 v1.42, 2010/05/14 <tvz>
\multido@count=\count150
\multidocount=\count151
\multido@stuff=\toks42
)
File: multido.tex 2010/05/14 v1.42 `multido' (tvz,hv)
)
Package: pst-plot 2011/04/13 package wrapper for pst-plot.tex (hv)

(/usr/local/texlive/2019/texmf-dist/tex/generic/pst-plot/pst-plot.tex
(/usr/local/texlive/2019/texmf-dist/tex/generic/pst-tools/pst-tools.tex
`PST-tools' v0.09b, 2017/12/03 (hv))
(/usr/local/texlive/2019/texmf-dist/tex/generic/pstricks-add/pstricks-add.tex
(/usr/local/texlive/2019/texmf-dist/tex/generic/pst-node/pst-node.tex
 v1.42, 2019/03/03
\psrow=\count152
\pscol=\count153
\psmatrixcnt=\count154
\psrowsep=\skip70
\pscolsep=\skip71
\pst@args=\count155
\num@pts=\count156
\pst@argcnt=\count157
)
(/usr/local/texlive/2019/texmf-dist/tex/generic/pst-arrow/pst-arrow.tex
`pst-arrow' v0.01, 2016/09/01 (dr,hv)
\pshooklength=\dimen163
\pshookwidth=\dimen164
)
(/usr/local/texlive/2019/texmf-dist/tex/generic/pst-3d/pst-3d.tex
`PST-3d' v1.11, 2010/02/14 (tvz))
(/usr/local/texlive/2019/texmf-dist/tex/generic/pst-math/pst-math.tex
`pst-math' v0.64 , (CJ,hv)) `pstricks-add' v3.87, 2019/01/12 (dr,hv)
\psparallelogramsep=\dimen165
\pst@cntC=\count158
\pst@stepcount=\count159
\chart@ColorIndex=\dimen166
\chart@ColorStep=\dimen167
\pst@chartHeight=\dimen168
\pst@chartStackDepth=\dimen169
\pst@chartStackWidth=\dimen170
\chart@Toggle=\count160
\psVectorCtr=\count161
)
 v1.91, 2018/08/31 (tvz,hv)
\pstRadUnit=\dimen171
\pstRadUnitInv=\dimen172
\pst@linecnt=\count162
\RCD@file=\read1
\psxlabelsep=\dimen173
\psylabelsep=\dimen174
\psk@subticksize=\dimen175
\pst@xticksizeA=\dimen176
\pst@xticksizeB=\dimen177
\pst@xticksizeC=\dimen178
\pst@yticksizeA=\dimen179
\pst@yticksizeB=\dimen180
\pst@yticksizeC=\dimen181
\@digitcounter=\count163
\psk@llx=\dimen182
\psk@lly=\dimen183
\psk@urx=\dimen184
\psk@ury=\dimen185
\pst@xunit=\dimen186
\pst@yunit=\dimen187
)
File: pst-plot.tex 2018/08/31 1.91 `pst-plot' (tvz,hv)
)
(/usr/local/texlive/2019/texmf-dist/tex/latex/pst-node/pst-node.sty
Package: pst-node 2012/09/18 v1.01 LaTeX wrapper for `pst-node' (HV)
Package: pst-node 2010/04/22 package wrapper for pst-node.tex

(/usr/local/texlive/2019/texmf-dist/tex/generic/pst-node/pst-node.tex)
File: pst-node.tex 2018/08/31 1.91 `pst-node' (tvz,hv)
)
(/usr/local/texlive/2019/texmf-dist/tex/latex/pst-3d/pst-3d.sty
Package: pst-3d 2009/07/28 package wrapper for pst-3d.tex (hv)

(/usr/local/texlive/2019/texmf-dist/tex/generic/pst-3d/pst-3d.tex)
File: pst-3d.tex 2018/08/31 v1.91 `PST-3d' (hv)
)
(/usr/local/texlive/2019/texmf-dist/tex/latex/pst-math/pst-math.sty
Package: pst-math 2018/12/16 v 0.65 package wrapper for PSTricks pst-math.tex

(/usr/local/texlive/2019/texmf-dist/tex/latex/pst-calculate/pst-calculate.sty
Package: pst-calculate 2019/01/24 v. 0.02(Herbert Voss) Support for caculations 
with floating point numbers.

(/usr/local/texlive/2019/texmf-dist/tex/latex/l3packages/xparse/xparse.sty
(/usr/local/texlive/2019/texmf-dist/tex/latex/l3kernel/expl3.sty
Package: expl3 2019-05-07 L3 programming layer (loader) 

(/usr/local/texlive/2019/texmf-dist/tex/latex/l3kernel/expl3-code.tex
Package: expl3 2019-05-07 L3 programming layer (code)
\ucharcat@table=\catcodetable5
\c_max_int=\count164
\l_tmpa_int=\count165
\l_tmpb_int=\count166
\g_tmpa_int=\count167
\g_tmpb_int=\count168
\g__kernel_prg_map_int=\count169
\c__ior_term_ior=\count170
\c_log_iow=\count171
\l_iow_line_count_int=\count172
\l__iow_line_target_int=\count173
\l__iow_one_indent_int=\count174
\l__iow_indent_int=\count175
\c_zero_dim=\dimen188
\c_max_dim=\dimen189
\l_tmpa_dim=\dimen190
\l_tmpb_dim=\dimen191
\g_tmpa_dim=\dimen192
\g_tmpb_dim=\dimen193
\c_zero_skip=\skip72
\c_max_skip=\skip73
\l_tmpa_skip=\skip74
\l_tmpb_skip=\skip75
\g_tmpa_skip=\skip76
\g_tmpb_skip=\skip77
\c_zero_muskip=\muskip11
\c_max_muskip=\muskip12
\l_tmpa_muskip=\muskip13
\l_tmpb_muskip=\muskip14
\g_tmpa_muskip=\muskip15
\g_tmpb_muskip=\muskip16
\l_keys_choice_int=\count176
\l__intarray_loop_int=\count177
\c__intarray_sp_dim=\dimen194
\g__intarray_font_int=\count178
\c__fp_leading_shift_int=\count179
\c__fp_middle_shift_int=\count180
\c__fp_trailing_shift_int=\count181
\c__fp_big_leading_shift_int=\count182
\c__fp_big_middle_shift_int=\count183
\c__fp_big_trailing_shift_int=\count184
\c__fp_Bigg_leading_shift_int=\count185
\c__fp_Bigg_middle_shift_int=\count186
\c__fp_Bigg_trailing_shift_int=\count187
\g__fp_array_int=\count188
\l__fp_array_loop_int=\count189
\l__sort_length_int=\count190
\l__sort_min_int=\count191
\l__sort_top_int=\count192
\l__sort_max_int=\count193
\l__sort_true_max_int=\count194
\l__sort_block_int=\count195
\l__sort_begin_int=\count196
\l__sort_end_int=\count197
\l__sort_A_int=\count198
\l__sort_B_int=\count199
\l__sort_C_int=\count266
\l__tl_analysis_normal_int=\count267
\l__tl_analysis_index_int=\count268
\l__tl_analysis_nesting_int=\count269
\l__tl_analysis_type_int=\count270
\l__regex_internal_a_int=\count271
\l__regex_internal_b_int=\count272
\l__regex_internal_c_int=\count273
\l__regex_balance_int=\count274
\l__regex_group_level_int=\count275
\l__regex_mode_int=\count276
\c__regex_cs_in_class_mode_int=\count277
\c__regex_cs_mode_int=\count278
\l__regex_catcodes_int=\count279
\l__regex_default_catcodes_int=\count280
\c__regex_catcode_L_int=\count281
\c__regex_catcode_O_int=\count282
\c__regex_catcode_A_int=\count283
\c__regex_all_catcodes_int=\count284
\l__regex_show_lines_int=\count285
\l__regex_min_state_int=\count286
\l__regex_max_state_int=\count287
\l__regex_left_state_int=\count288
\l__regex_right_state_int=\count289
\l__regex_capturing_group_int=\count290
\l__regex_min_pos_int=\count291
\l__regex_max_pos_int=\count292
\l__regex_curr_pos_int=\count293
\l__regex_start_pos_int=\count294
\l__regex_success_pos_int=\count295
\l__regex_curr_char_int=\count296
\l__regex_curr_catcode_int=\count297
\l__regex_last_char_int=\count298
\l__regex_case_changed_char_int=\count299
\l__regex_curr_state_int=\count300
\l__regex_step_int=\count301
\l__regex_min_active_int=\count302
\l__regex_max_active_int=\count303
\l__regex_replacement_csnames_int=\count304
\l__regex_match_count_int=\count305
\l__regex_min_submatch_int=\count306
\l__regex_submatch_int=\count307
\l__regex_zeroth_submatch_int=\count308
\g__regex_trace_regex_int=\count309
\c_empty_box=\box42
\l_tmpa_box=\box43
\l_tmpb_box=\box44
\g_tmpa_box=\box45
\g_tmpb_box=\box46
\l__box_top_dim=\dimen195
\l__box_bottom_dim=\dimen196
\l__box_left_dim=\dimen197
\l__box_right_dim=\dimen198
\l__box_top_new_dim=\dimen199
\l__box_bottom_new_dim=\dimen256
\l__box_left_new_dim=\dimen257
\l__box_right_new_dim=\dimen258
\l__box_internal_box=\box47
\l__coffin_internal_box=\box48
\l__coffin_internal_dim=\dimen259
\l__coffin_offset_x_dim=\dimen260
\l__coffin_offset_y_dim=\dimen261
\l__coffin_x_dim=\dimen262
\l__coffin_y_dim=\dimen263
\l__coffin_x_prime_dim=\dimen264
\l__coffin_y_prime_dim=\dimen265
\c_empty_coffin=\box49
\l__coffin_aligned_coffin=\box50
\l__coffin_aligned_internal_coffin=\box51
\l_tmpa_coffin=\box52
\l_tmpb_coffin=\box53
\g_tmpa_coffin=\box54
\g_tmpb_coffin=\box55
\l__coffin_bounding_shift_dim=\dimen266
\l__coffin_left_corner_dim=\dimen267
\l__coffin_right_corner_dim=\dimen268
\l__coffin_bottom_corner_dim=\dimen269
\l__coffin_top_corner_dim=\dimen270
\l__coffin_scaled_total_height_dim=\dimen271
\l__coffin_scaled_width_dim=\dimen272
\c__coffin_empty_coffin=\box56
\l__coffin_display_coffin=\box57
\l__coffin_display_coord_coffin=\box58
\l__coffin_display_pole_coffin=\box59
\l__coffin_display_offset_dim=\dimen273
\l__coffin_display_x_dim=\dimen274
\l__coffin_display_y_dim=\dimen275
\g__file_internal_ior=\read2
\l__seq_internal_a_int=\count310
\l__seq_internal_b_int=\count311
\c__deprecation_minus_one=\count312
)
(/usr/local/texlive/2019/texmf-dist/tex/latex/l3kernel/l3pdfmode.def
File: l3pdfmode.def 2019-04-06 v L3 Experimental driver: PDF mode
\l__driver_color_stack_int=\count313
\l__driver_pdf_tmp_box=\box60
))
Package: xparse 2019-05-03 L3 Experimental document command parser
\l__xparse_current_arg_int=\count314
\g__xparse_grabber_int=\count315
\l__xparse_m_args_int=\count316
\l__xparse_v_nesting_int=\count317
)
(/usr/local/texlive/2019/texmf-dist/tex/latex/siunitx/siunitx.sty
Package: siunitx 2018/05/17 v2.7s A comprehensive (SI) units package

(/usr/local/texlive/2019/texmf-dist/tex/latex/tools/array.sty
Package: array 2018/12/30 v2.4k Tabular extension package (FMi)
\col@sep=\dimen276
\ar@mcellbox=\box61
\extrarowheight=\dimen277
\NC@list=\toks43
\extratabsurround=\skip78
\backup@length=\skip79
\ar@cellbox=\box62
)
(/usr/local/texlive/2019/texmf-dist/tex/latex/l3packages/l3keys2e/l3keys2e.sty
Package: l3keys2e 2019-05-03 LaTeX2e option processing using LaTeX3 keys
)
\l__siunitx_tmp_box=\box63
\l__siunitx_tmp_dim=\dimen278
\l__siunitx_tmp_int=\count318
\l__siunitx_number_mantissa_length_int=\count319
\l__siunitx_number_uncert_length_int=\count320
\l__siunitx_round_int=\count321
\l__siunitx_process_decimal_int=\count322
\l__siunitx_process_uncertainty_int=\count323
\l__siunitx_process_fixed_int=\count324
\l__siunitx_process_integer_min_int=\count325
\l__siunitx_process_precision_int=\count326
\l__siunitx_group_min_int=\count327
\l__siunitx_angle_marker_box=\box64
\l__siunitx_angle_unit_box=\box65
\l__siunitx_angle_marker_dim=\dimen279
\l__siunitx_angle_unit_dim=\dimen280
\l__siunitx_unit_int=\count328
\l__siunitx_unit_denominator_int=\count329
\l__siunitx_unit_numerator_int=\count330
\l__siunitx_unit_prefix_int=\count331
\l__siunitx_unit_prefix_base_int=\count332
\l__siunitx_unit_prefix_gram_int=\count333
\l__siunitx_number_product_int=\count334
\c__siunitx_one_fill_skip=\skip80
\l__siunitx_table_unit_align_skip=\skip81
\l__siunitx_table_exponent_dim=\dimen281
\l__siunitx_table_integer_dim=\dimen282
\l__siunitx_table_mantissa_dim=\dimen283
\l__siunitx_table_marker_dim=\dimen284
\l__siunitx_table_result_dim=\dimen285
\l__siunitx_table_uncert_dim=\dimen286
\l__siunitx_table_fill_pre_dim=\dimen287
\l__siunitx_table_fill_post_dim=\dimen288
\l__siunitx_table_fill_mid_dim=\dimen289
\l__siunitx_table_pre_box=\box66
\l__siunitx_table_post_box=\box67
\l__siunitx_table_mantissa_box=\box68
\l__siunitx_table_result_box=\box69
\l__siunitx_table_number_align_skip=\skip82
\l__siunitx_table_text_align_skip=\skip83
(/usr/local/texlive/2019/texmf-dist/tex/latex/translator/translator.sty
Package: translator 2018/01/04 v1.12 Easy translation of strings in LaTeX
)))
(/usr/local/texlive/2019/texmf-dist/tex/generic/oberdiek/ifluatex.sty
Package: ifluatex 2016/05/16 v1.4 Provides the ifluatex switch (HO)
Package ifluatex Info: LuaTeX detected.
)
(/usr/local/texlive/2019/texmf-dist/tex/generic/xstring/xstring.sty
(/usr/local/texlive/2019/texmf-dist/tex/generic/xstring/xstring.tex
\integerpart=\count335
\decimalpart=\count336
)
Package: xstring 2019/02/06 v1.83 String manipulations (CT)
)
(/usr/local/texlive/2019/texmf-dist/tex/generic/pst-math/pst-math.tex)
File: pst-math.tex 2018/08/31 v1.91 `PST-math' (hv)
\c@Rand@No=\count337
\c@Random@Left=\count338
\c@Random@Right=\count339
\c@Random@No@max=\count340
)
Package: pstricks-add 2018/02/04 v. 0.16 package wrapper for pstricks-add.tex (h
v)

(/usr/local/texlive/2019/texmf-dist/tex/generic/pstricks-add/pstricks-add.tex)
File: pstricks-add.tex 2018/08/31 v1.91 `PSTricks-add' (hv)
) (/usr/local/texlive/2019/texmf-dist/tex/latex/tools/bm.sty
Package: bm 2017/01/16 v1.2c Bold Symbol Support (DPC/FMi)
\symboldoperators=\mathgroup6
\symboldletters=\mathgroup7
\symboldsymbols=\mathgroup8
LaTeX Font Info:    Redeclaring math alphabet \mathbf on input line 141.
LaTeX Info: Redefining \bm on input line 207.
)
(/usr/local/texlive/2019/texmf-dist/tex/latex/float/float.sty
Package: float 2001/11/08 v1.3d Float enhancements (AL)
\c@float@type=\count341
\float@exts=\toks44
\float@box=\box70
\@float@everytoks=\toks45
\@floatcapt=\box71
)
(/usr/local/texlive/2019/texmf-dist/tex/latex/comment/comment.sty
\CommentStream=\write4

Excluding comment 'comment')
(/usr/local/texlive/2019/texmf-dist/tex/latex/hyperref/hyperref.sty
Package: hyperref 2018/11/30 v6.88e Hypertext links for LaTeX

(/usr/local/texlive/2019/texmf-dist/tex/generic/oberdiek/hobsub-hyperref.sty
Package: hobsub-hyperref 2016/05/16 v1.14 Bundle oberdiek, subset hyperref (HO)

(/usr/local/texlive/2019/texmf-dist/tex/generic/oberdiek/hobsub-generic.sty
Package: hobsub-generic 2016/05/16 v1.14 Bundle oberdiek, subset generic (HO)
Package: hobsub 2016/05/16 v1.14 Construct package bundles (HO)
Package: infwarerr 2016/05/16 v1.4 Providing info/warning/error messages (HO)
Package: ltxcmds 2016/05/16 v1.23 LaTeX kernel commands for general use (HO)
Package hobsub Info: Skipping package `ifluatex' (already loaded).
Package: ifvtex 2016/05/16 v1.6 Detect VTeX and its facilities (HO)
Package ifvtex Info: VTeX not detected.
Package: intcalc 2016/05/16 v1.2 Expandable calculations with integers (HO)
Package: ifpdf 2018/09/07 v3.3 Provides the ifpdf switch
Package: etexcmds 2016/05/16 v1.6 Avoid name clashes with e-TeX commands (HO)
Package: kvsetkeys 2016/05/16 v1.17 Key value parser (HO)
Package: kvdefinekeys 2016/05/16 v1.4 Define keys (HO)
Package: luatex-loader 2016/05/16 v0.6 Lua module loader (HO)

(/usr/local/texlive/2019/texmf-dist/scripts/oberdiek/oberdiek.luatex.lua)
Package: pdftexcmds 2018/09/10 v0.29 Utility functions of pdfTeX for LuaTeX (HO)

Package pdftexcmds Info: \pdf@primitive is available.
Package pdftexcmds Info: \pdf@ifprimitive is available.
Package pdftexcmds Info: \pdfdraftmode found.
\pdftexcmds@toks=\toks46
Package: pdfescape 2016/05/16 v1.14 Implements pdfTeX's escape features (HO)
Package: bigintcalc 2016/05/16 v1.4 Expandable calculations on big integers (HO)

Package: bitset 2016/05/16 v1.2 Handle bit-vector datatype (HO)
Package: uniquecounter 2016/05/16 v1.3 Provide unlimited unique counter (HO)
)
Package hobsub Info: Skipping package `hobsub' (already loaded).
Package: letltxmacro 2016/05/16 v1.5 Let assignment for LaTeX macros (HO)
Package: hopatch 2016/05/16 v1.3 Wrapper for package hooks (HO)
Package: xcolor-patch 2016/05/16 xcolor patch
Package: atveryend 2016/05/16 v1.9 Hooks at the very end of document (HO)
Package atveryend Info: \enddocument detected (standard20110627).
Package: atbegshi 2016/06/09 v1.18 At begin shipout hook (HO)
Package: refcount 2016/05/16 v3.5 Data extraction from label references (HO)
Package: hycolor 2016/05/16 v1.8 Color options for hyperref/bookmark (HO)
)
(/usr/local/texlive/2019/texmf-dist/tex/generic/ifxetex/ifxetex.sty
Package: ifxetex 2010/09/12 v0.6 Provides ifxetex conditional
)
(/usr/local/texlive/2019/texmf-dist/tex/latex/oberdiek/auxhook.sty
Package: auxhook 2016/05/16 v1.4 Hooks for auxiliary files (HO)
)
(/usr/local/texlive/2019/texmf-dist/tex/latex/oberdiek/kvoptions.sty
Package: kvoptions 2016/05/16 v3.12 Key value format for package options (HO)
)
\@linkdim=\dimen290
\Hy@linkcounter=\count342
\Hy@pagecounter=\count343

(/usr/local/texlive/2019/texmf-dist/tex/latex/hyperref/pd1enc.def
File: pd1enc.def 2018/11/30 v6.88e Hyperref: PDFDocEncoding definition (HO)
)
\Hy@SavedSpaceFactor=\count344

(/usr/local/texlive/2019/texmf-dist/tex/latex/latexconfig/hyperref.cfg
File: hyperref.cfg 2002/06/06 v1.2 hyperref configuration of TeXLive
)
Package hyperref Info: Hyper figures OFF on input line 4519.
Package hyperref Info: Link nesting OFF on input line 4524.
Package hyperref Info: Hyper index ON on input line 4527.
Package hyperref Info: Plain pages OFF on input line 4534.
Package hyperref Info: Backreferencing OFF on input line 4539.
Package hyperref Info: Implicit mode ON; LaTeX internals redefined.
Package hyperref Info: Bookmarks ON on input line 4772.
\c@Hy@tempcnt=\count345

(/usr/local/texlive/2019/texmf-dist/tex/latex/url/url.sty
\Urlmuskip=\muskip17
Package: url 2013/09/16  ver 3.4  Verb mode for urls, etc.
)
LaTeX Info: Redefining \url on input line 5125.
\XeTeXLinkMargin=\dimen291
\Fld@menulength=\count346
\Field@Width=\dimen292
\Fld@charsize=\dimen293
Package hyperref Info: Hyper figures OFF on input line 6380.
Package hyperref Info: Link nesting OFF on input line 6385.
Package hyperref Info: Hyper index ON on input line 6388.
Package hyperref Info: backreferencing OFF on input line 6395.
Package hyperref Info: Link coloring OFF on input line 6400.
Package hyperref Info: Link coloring with OCG OFF on input line 6405.
Package hyperref Info: PDF/A mode OFF on input line 6410.
LaTeX Info: Redefining \ref on input line 6450.
LaTeX Info: Redefining \pageref on input line 6454.
\Hy@abspage=\count347
\c@Item=\count348
\c@Hfootnote=\count349
)
Package hyperref Info: Driver (autodetected): hluatex.

(/usr/local/texlive/2019/texmf-dist/tex/latex/hyperref/hluatex.def
File: hluatex.def 2018/11/30 v6.88e Hyperref driver for luaTeX
\Fld@listcount=\count350
\c@bookmark@seq@number=\count351

(/usr/local/texlive/2019/texmf-dist/tex/latex/oberdiek/rerunfilecheck.sty
Package: rerunfilecheck 2016/05/16 v1.8 Rerun checks for auxiliary files (HO)
Package uniquecounter Info: New unique counter `rerunfilecheck' on input line 28
2.
)
\Hy@SectionHShift=\skip84
)
(/usr/local/texlive/2019/texmf-dist/tex/latex/subfig/subfig.sty
Package: subfig 2005/06/28 ver: 1.3 subfig package

(/usr/local/texlive/2019/texmf-dist/tex/latex/caption/caption3.sty
Package: caption3 2018/09/12 v1.8c caption3 kernel (AR)
Package caption3 Info: TeX engine: e-TeX on input line 64.
\captionmargin=\dimen294
\captionmargin@=\dimen295
\captionwidth=\dimen296
\caption@tempdima=\dimen297
\caption@indent=\dimen298
\caption@parindent=\dimen299
\caption@hangindent=\dimen300
)
\c@KVtest=\count352
\sf@farskip=\skip85
\sf@captopadj=\dimen301
\sf@capskip=\skip86
\sf@nearskip=\skip87
\c@subfigure=\count353
\c@subfigure@save=\count354
\c@lofdepth=\count355
\c@subtable=\count356
\c@subtable@save=\count357
\c@lotdepth=\count358
\sf@top=\skip88
\sf@bottom=\skip89
)
(/usr/local/texlive/2019/texmf-dist/tex/latex/booktabs/booktabs.sty
Package: booktabs 2016/04/27 v1.618033 publication quality tables
\heavyrulewidth=\dimen302
\lightrulewidth=\dimen303
\cmidrulewidth=\dimen304
\belowrulesep=\dimen305
\belowbottomsep=\dimen306
\aboverulesep=\dimen307
\abovetopsep=\dimen308
\cmidrulesep=\dimen309
\cmidrulekern=\dimen310
\defaultaddspace=\dimen311
\@cmidla=\count359
\@cmidlb=\count360
\@aboverulesep=\dimen312
\@belowrulesep=\dimen313
\@thisruleclass=\count361
\@lastruleclass=\count362
\@thisrulewidth=\dimen314
)
(/usr/local/texlive/2019/texmf-dist/tex/latex/tools/multicol.sty
Package: multicol 2018/12/27 v1.8v multicolumn formatting (FMi)
\c@tracingmulticols=\count363
\mult@box=\box72
\multicol@leftmargin=\dimen315
\c@unbalance=\count364
\c@collectmore=\count365
\doublecol@number=\count366
\multicoltolerance=\count367
\multicolpretolerance=\count368
\full@width=\dimen316
\page@free=\dimen317
\premulticols=\dimen318
\postmulticols=\dimen319
\multicolsep=\skip90
\multicolbaselineskip=\skip91
\partial@page=\box73
\last@line=\box74
\maxbalancingoverflow=\dimen320
\mult@rightbox=\box75
\mult@grightbox=\box76
\mult@gfirstbox=\box77
\mult@firstbox=\box78
\@tempa=\box79
\@tempa=\box80
\@tempa=\box81
\@tempa=\box82
\@tempa=\box83
\@tempa=\box84
\@tempa=\box85
\@tempa=\box86
\@tempa=\box87
\@tempa=\box88
\@tempa=\box89
\@tempa=\box90
\@tempa=\box91
\@tempa=\box92
\@tempa=\box93
\@tempa=\box94
\@tempa=\box95
\c@columnbadness=\count369
\c@finalcolumnbadness=\count370
\last@try=\dimen321
\multicolovershoot=\dimen322
\multicolundershoot=\dimen323
\mult@nat@firstbox=\box96
\colbreak@box=\box97
\mc@col@check@num=\count371
)
(/usr/local/texlive/2019/texmf-dist/tex/latex/multirow/multirow.sty
Package: multirow 2019/01/01 v2.4 Span multiple rows of a table
\multirow@colwidth=\skip92
\multirow@cntb=\count372
\multirow@dima=\skip93
\bigstrutjot=\dimen324
)
Package hyperref Info: Option `colorlinks' set `true' on input line 7.
Package hyperref Info: Option `breaklinks' set `true' on input line 7.
\c@thm=\count373
\c@lem=\count374
\c@cor=\count375
\c@definition=\count376
\c@remark=\count377

(./BiFiPCE_JH_FN.aux)
\openout1 = BiFiPCE_JH_FN.aux

LaTeX Font Info:    Checking defaults for OML/cmm/m/it on input line 15.
LaTeX Font Info:    ... okay on input line 15.
LaTeX Font Info:    Checking defaults for T1/cmr/m/n on input line 15.
LaTeX Font Info:    ... okay on input line 15.
LaTeX Font Info:    Checking defaults for OT1/cmr/m/n on input line 15.
LaTeX Font Info:    ... okay on input line 15.
LaTeX Font Info:    Checking defaults for OMS/cmsy/m/n on input line 15.
LaTeX Font Info:    ... okay on input line 15.
LaTeX Font Info:    Checking defaults for TU/lmr/m/n on input line 15.
LaTeX Font Info:    ... okay on input line 15.
LaTeX Font Info:    Checking defaults for OMX/cmex/m/n on input line 15.
LaTeX Font Info:    ... okay on input line 15.
LaTeX Font Info:    Checking defaults for U/cmr/m/n on input line 15.
LaTeX Font Info:    ... okay on input line 15.
LaTeX Font Info:    Checking defaults for PD1/pdf/m/n on input line 15.
LaTeX Font Info:    ... okay on input line 15.

(/usr/local/texlive/2019/texmf-dist/tex/context/base/mkii/supp-pdf.mkii
[Loading MPS to PDF converter (version 2006.09.02).]
\scratchcounter=\count378
\scratchdimen=\dimen325
\scratchbox=\box98
\nofMPsegments=\count379
\nofMParguments=\count380
\everyMPshowfont=\toks47
\MPscratchCnt=\count381
\MPscratchDim=\dimen326
\MPnumerator=\count382
\makeMPintoPDFobject=\count383
\everyMPtoPDFconversion=\toks48
) (/usr/local/texlive/2019/texmf-dist/tex/latex/oberdiek/epstopdf-base.sty
Package: epstopdf-base 2016/05/15 v2.6 Base part for package epstopdf

(/usr/local/texlive/2019/texmf-dist/tex/latex/oberdiek/grfext.sty
Package: grfext 2016/05/16 v1.2 Manage graphics extensions (HO)
)
Package epstopdf-base Info: Redefining graphics rule for `.eps' on input line 43
8.
Package grfext Info: Graphics extension search list:
(grfext)             [.pdf,.png,.jpg,.mps,.jpeg,.jbig2,.jb2,.PDF,.PNG,.JPG,.JPEG
,.JBIG2,.JB2,.eps]
(grfext)             \AppendGraphicsExtensions on input line 456.

(/usr/local/texlive/2019/texmf-dist/tex/latex/latexconfig/epstopdf-sys.cfg
File: epstopdf-sys.cfg 2010/07/13 v1.3 Configuration of (r)epstopdf for TeX Live

))
(/usr/local/texlive/2019/texmf-dist/tex/latex/translator/translator-basic-dicti
onary-English.dict
Dictionary: translator-basic-dictionary, Language: English 
)
(/usr/local/texlive/2019/texmf-dist/tex/latex/siunitx/siunitx-abbreviations.cfg
File: siunitx-abbreviations.cfg 2017/11/26 v2.7k siunitx: Abbreviated units
)
\AtBeginShipoutBox=\box99
Package hyperref Info: Link coloring ON on input line 15.
 (/usr/local/texlive/2019/texmf-dist/tex/latex/hyperref/nameref.sty
Package: nameref 2016/05/21 v2.44 Cross-referencing by name of section

(/usr/local/texlive/2019/texmf-dist/tex/generic/oberdiek/gettitlestring.sty
Package: gettitlestring 2016/05/16 v1.5 Cleanup title references (HO)
)
\c@section@level=\count384
)
LaTeX Info: Redefining \ref on input line 15.
LaTeX Info: Redefining \pageref on input line 15.
LaTeX Info: Redefining \nameref on input line 15.

(./BiFiPCE_JH_FN.out) (./BiFiPCE_JH_FN.out)
\@outlinefile=\write5

\openout5 = BiFiPCE_JH_FN.out
Package caption Info: Begin \AtBeginDocument code.
Package caption Info: subfig package v1.3 is loaded.
Package caption Info: End \AtBeginDocument code.
LaTeX Font Info:    Try loading font information for U+msa on input line 15.

(/usr/local/texlive/2019/texmf-dist/tex/latex/amsfonts/umsa.fd
File: umsa.fd 2013/01/14 v3.01 AMS symbols A
)
LaTeX Font Info:    Try loading font information for U+msb on input line 15.

(/usr/local/texlive/2019/texmf-dist/tex/latex/amsfonts/umsb.fd
File: umsb.fd 2013/01/14 v3.01 AMS symbols B
)
Underfull \hbox (badness 10000) in paragraph at lines 43--45

 []

[1
Non-PDF special ignored!
Non-PDF special ignored!
Non-PDF special ignored!
Non-PDF special ignored!
Non-PDF special ignored!
Non-PDF special ignored!
Non-PDF special ignored!
Non-PDF special ignored!
Non-PDF special ignored!


Non-PDF special ignored!
Non-PDF special ignored!
Non-PDF special ignored!
Non-PDF special ignored!{/usr/local/texlive/2019/texmf-var/fonts/map/pdftex/updm
ap/pdftex.map}]
Underfull \hbox (badness 10000) in paragraph at lines 50--52

 []


Underfull \hbox (badness 10000) in paragraph at lines 62--64

 []


Underfull \hbox (badness 10000) in paragraph at lines 69--71

 []


Underfull \hbox (badness 10000) in paragraph at lines 72--73

 []

[2] [3]
Underfull \hbox (badness 10000) in paragraph at lines 141--142

 []

[4]
Underfull \hbox (badness 10000) in paragraph at lines 143--144

 []


Underfull \hbox (badness 10000) in paragraph at lines 148--150

 []

[5]
Underfull \hbox (badness 10000) in paragraph at lines 174--176

 []

[6] [7] [8]
Underfull \hbox (badness 10000) in paragraph at lines 274--275

 []

[9] [10]
Overfull \hbox (89.53462pt too wide) in paragraph at lines 366--367
[]\TU/lmr/m/n/10 In each test case we cal-cu-late $\OT1/cmr/m/n/10 []$ \TU/lmr
/m/n/10 from equa-tion ([][]18[][]) by com-put-ing $[]$
 []


Underfull \hbox (badness 10000) in paragraph at lines 368--369

 []


Underfull \hbox (badness 10000) in paragraph at lines 385--386

 []

[11]
Package epstopdf Info: Source file: <Figures/LDC_eq_27_bound.eps>
(epstopdf)                    date: 2020-11-17 11:18:34
(epstopdf)                    size: 72911 bytes
(epstopdf)             Output file: <Figures/LDC_eq_27_bound-eps-converted-to.pd
f>
(epstopdf)                    date: 2020-11-17 11:38:37
(epstopdf)                    size: 37124 bytes
(epstopdf)             Command: <repstopdf --outfile=Figures/LDC_eq_27_bound-eps
-converted-to.pdf Figures/LDC_eq_27_bound.eps>
(epstopdf)             \includegraphics on input line 393.
Package epstopdf Info: Output file is already uptodate.
<Figures/LDC_eq_27_bound-eps-converted-to.pdf, id=226, 406.51875pt x 318.18875pt
>
File: Figures/LDC_eq_27_bound-eps-converted-to.pdf Graphic file (type pdf)
<use Figures/LDC_eq_27_bound-eps-converted-to.pdf>
Package luatex.def Info: Figures/LDC_eq_27_bound-eps-converted-to.pdf  used on i
nput line 393.
(luatex.def)             Requested size: 207.0021pt x 162.02164pt.
Package epstopdf Info: Source file: <Figures/LDC_eq_27_efficacy.eps>
(epstopdf)                    date: 2020-10-30 17:36:17
(epstopdf)                    size: 58173 bytes
(epstopdf)             Output file: <Figures/LDC_eq_27_efficacy-eps-converted-to
.pdf>
(epstopdf)                    date: 2020-11-02 11:36:28
(epstopdf)                    size: 25475 bytes
(epstopdf)             Command: <repstopdf --outfile=Figures/LDC_eq_27_efficacy-
eps-converted-to.pdf Figures/LDC_eq_27_efficacy.eps>
(epstopdf)             \includegraphics on input line 401.
Package epstopdf Info: Output file is already uptodate.
<Figures/LDC_eq_27_efficacy-eps-converted-to.pdf, id=229, 446.66875pt x 346.2937
5pt>
File: Figures/LDC_eq_27_efficacy-eps-converted-to.pdf Graphic file (type pdf)
<use Figures/LDC_eq_27_efficacy-eps-converted-to.pdf>
Package luatex.def Info: Figures/LDC_eq_27_efficacy-eps-converted-to.pdf  used o
n input line 401.
(luatex.def)             Requested size: 207.0021pt x 160.48595pt.
Package epstopdf Info: Source file: <Figures/LDC_theta.eps>
(epstopdf)                    date: 2020-10-30 17:36:55
(epstopdf)                    size: 38874 bytes
(epstopdf)             Output file: <Figures/LDC_theta-eps-converted-to.pdf>
(epstopdf)                    date: 2020-11-02 11:36:29
(epstopdf)                    size: 16629 bytes
(epstopdf)             Command: <repstopdf --outfile=Figures/LDC_theta-eps-conve
rted-to.pdf Figures/LDC_theta.eps>
(epstopdf)             \includegraphics on input line 411.
Package epstopdf Info: Output file is already uptodate.
<Figures/LDC_theta-eps-converted-to.pdf, id=233, 446.66875pt x 346.29375pt>
File: Figures/LDC_theta-eps-converted-to.pdf Graphic file (type pdf)
<use Figures/LDC_theta-eps-converted-to.pdf>
Package luatex.def Info: Figures/LDC_theta-eps-converted-to.pdf  used on input l
ine 411.
(luatex.def)             Requested size: 207.0021pt x 160.48595pt.
Package epstopdf Info: Source file: <Figures/LDC_Y.eps>
(epstopdf)                    date: 2020-10-30 17:37:16
(epstopdf)                    size: 40973 bytes
(epstopdf)             Output file: <Figures/LDC_Y-eps-converted-to.pdf>
(epstopdf)                    date: 2020-11-02 11:36:29
(epstopdf)                    size: 15538 bytes
(epstopdf)             Command: <repstopdf --outfile=Figures/LDC_Y-eps-converted
-to.pdf Figures/LDC_Y.eps>
(epstopdf)             \includegraphics on input line 421.
Package epstopdf Info: Output file is already uptodate.
<Figures/LDC_Y-eps-converted-to.pdf, id=238, 446.66875pt x 346.29375pt>
File: Figures/LDC_Y-eps-converted-to.pdf Graphic file (type pdf)
<use Figures/LDC_Y-eps-converted-to.pdf>
Package luatex.def Info: Figures/LDC_Y-eps-converted-to.pdf  used on input line 
421.
(luatex.def)             Requested size: 207.0021pt x 160.48595pt.
Package epstopdf Info: Source file: <Figures/LDC_Y_ratio.eps>
(epstopdf)                    date: 2020-10-30 17:38:35
(epstopdf)                    size: 84105 bytes
(epstopdf)             Output file: <Figures/LDC_Y_ratio-eps-converted-to.pdf>
(epstopdf)                    date: 2020-11-02 11:36:30
(epstopdf)                    size: 42137 bytes
(epstopdf)             Command: <repstopdf --outfile=Figures/LDC_Y_ratio-eps-con
verted-to.pdf Figures/LDC_Y_ratio.eps>
(epstopdf)             \includegraphics on input line 429.
Package epstopdf Info: Output file is already uptodate.
<Figures/LDC_Y_ratio-eps-converted-to.pdf, id=239, 446.66875pt x 346.29375pt>
File: Figures/LDC_Y_ratio-eps-converted-to.pdf Graphic file (type pdf)
<use Figures/LDC_Y_ratio-eps-converted-to.pdf>
Package luatex.def Info: Figures/LDC_Y_ratio-eps-converted-to.pdf  used on input
 line 429.
(luatex.def)             Requested size: 207.0021pt x 160.48595pt.

Underfull \hbox (badness 10000) in paragraph at lines 436--437

 []

[12<./Figures/LDC_eq_27_bound-eps-converted-to.pdf>] [13<./Figures/LDC_eq_27_eff
icacy-eps-converted-to.pdf><./Figures/LDC_theta-eps-converted-to.pdf>]
[14<./Figures/LDC_Y-eps-converted-to.pdf><./Figures/LDC_Y_ratio-eps-converted-to
.pdf>]
Package epstopdf Info: Source file: <Figures/GT_mid_eq_27_bound.eps>
(epstopdf)                    date: 2020-11-17 11:23:45
(epstopdf)                    size: 98673 bytes
(epstopdf)             Output file: <Figures/GT_mid_eq_27_bound-eps-converted-to
.pdf>
(epstopdf)                    date: 2020-11-17 11:38:38
(epstopdf)                    size: 45153 bytes
(epstopdf)             Command: <repstopdf --outfile=Figures/GT_mid_eq_27_bound-
eps-converted-to.pdf Figures/GT_mid_eq_27_bound.eps>
(epstopdf)             \includegraphics on input line 462.
Package epstopdf Info: Output file is already uptodate.
<Figures/GT_mid_eq_27_bound-eps-converted-to.pdf, id=291, 411.5375pt x 319.1925p
t>
File: Figures/GT_mid_eq_27_bound-eps-converted-to.pdf Graphic file (type pdf)
<use Figures/GT_mid_eq_27_bound-eps-converted-to.pdf>
Package luatex.def Info: Figures/GT_mid_eq_27_bound-eps-converted-to.pdf  used o
n input line 462.
(luatex.def)             Requested size: 207.0021pt x 160.55046pt.
Package epstopdf Info: Source file: <Figures/GT_mid_eq_27_efficacy.eps>
(epstopdf)                    date: 2020-11-02 12:12:12
(epstopdf)                    size: 69348 bytes
(epstopdf)             Output file: <Figures/GT_mid_eq_27_efficacy-eps-converted
-to.pdf>
(epstopdf)                    date: 2020-11-04 14:39:29
(epstopdf)                    size: 26337 bytes
(epstopdf)             Command: <repstopdf --outfile=Figures/GT_mid_eq_27_effica
cy-eps-converted-to.pdf Figures/GT_mid_eq_27_efficacy.eps>
(epstopdf)             \includegraphics on input line 470.
Package epstopdf Info: Output file is already uptodate.
<Figures/GT_mid_eq_27_efficacy-eps-converted-to.pdf, id=294, 410.53375pt x 319.1
925pt>
File: Figures/GT_mid_eq_27_efficacy-eps-converted-to.pdf Graphic file (type pdf)

<use Figures/GT_mid_eq_27_efficacy-eps-converted-to.pdf>
Package luatex.def Info: Figures/GT_mid_eq_27_efficacy-eps-converted-to.pdf  use
d on input line 470.
(luatex.def)             Requested size: 207.0021pt x 160.94498pt.
Package epstopdf Info: Source file: <Figures/GT_mid_theta.eps>
(epstopdf)                    date: 2020-11-02 12:12:14
(epstopdf)                    size: 52000 bytes
(epstopdf)             Output file: <Figures/GT_mid_theta-eps-converted-to.pdf>
(epstopdf)                    date: 2020-11-04 14:39:30
(epstopdf)                    size: 19060 bytes
(epstopdf)             Command: <repstopdf --outfile=Figures/GT_mid_theta-eps-co
nverted-to.pdf Figures/GT_mid_theta.eps>
(epstopdf)             \includegraphics on input line 479.
Package epstopdf Info: Output file is already uptodate.
<Figures/GT_mid_theta-eps-converted-to.pdf, id=297, 409.53pt x 318.18875pt>
File: Figures/GT_mid_theta-eps-converted-to.pdf Graphic file (type pdf)
<use Figures/GT_mid_theta-eps-converted-to.pdf>
Package luatex.def Info: Figures/GT_mid_theta-eps-converted-to.pdf  used on inpu
t line 479.
(luatex.def)             Requested size: 207.0021pt x 160.83698pt.
Package epstopdf Info: Source file: <Figures/GT_mid_Y.eps>
(epstopdf)                    date: 2020-11-02 12:12:15
(epstopdf)                    size: 51763 bytes
(epstopdf)             Output file: <Figures/GT_mid_Y-eps-converted-to.pdf>
(epstopdf)                    date: 2020-11-04 14:39:30
(epstopdf)                    size: 19157 bytes
(epstopdf)             Command: <repstopdf --outfile=Figures/GT_mid_Y-eps-conver
ted-to.pdf Figures/GT_mid_Y.eps>
(epstopdf)             \includegraphics on input line 488.
Package epstopdf Info: Output file is already uptodate.
<Figures/GT_mid_Y-eps-converted-to.pdf, id=298, 409.53pt x 318.18875pt>
File: Figures/GT_mid_Y-eps-converted-to.pdf Graphic file (type pdf)
<use Figures/GT_mid_Y-eps-converted-to.pdf>
Package luatex.def Info: Figures/GT_mid_Y-eps-converted-to.pdf  used on input li
ne 488.
(luatex.def)             Requested size: 207.0021pt x 160.83698pt.
Package epstopdf Info: Source file: <Figures/GT_mid_Y_ratio.eps>
(epstopdf)                    date: 2020-11-02 12:12:20
(epstopdf)                    size: 105203 bytes
(epstopdf)             Output file: <Figures/GT_mid_Y_ratio-eps-converted-to.pdf
>
(epstopdf)                    date: 2020-11-04 14:39:31
(epstopdf)                    size: 54816 bytes
(epstopdf)             Command: <repstopdf --outfile=Figures/GT_mid_Y_ratio-eps-
converted-to.pdf Figures/GT_mid_Y_ratio.eps>
(epstopdf)             \includegraphics on input line 496.
Package epstopdf Info: Output file is already uptodate.
<Figures/GT_mid_Y_ratio-eps-converted-to.pdf, id=299, 409.53pt x 336.25626pt>
File: Figures/GT_mid_Y_ratio-eps-converted-to.pdf Graphic file (type pdf)
<use Figures/GT_mid_Y_ratio-eps-converted-to.pdf>
Package luatex.def Info: Figures/GT_mid_Y_ratio-eps-converted-to.pdf  used on in
put line 496.
(luatex.def)             Requested size: 207.0021pt x 169.96968pt.
Package epstopdf Info: Source file: <Figures/GT_cylinder_eq_27_bound.eps>
(epstopdf)                    date: 2020-11-17 11:26:59
(epstopdf)                    size: 121448 bytes
(epstopdf)             Output file: <Figures/GT_cylinder_eq_27_bound-eps-convert
ed-to.pdf>
(epstopdf)                    date: 2020-11-17 11:38:38
(epstopdf)                    size: 56417 bytes
(epstopdf)             Command: <repstopdf --outfile=Figures/GT_cylinder_eq_27_b
ound-eps-converted-to.pdf Figures/GT_cylinder_eq_27_bound.eps>
(epstopdf)             \includegraphics on input line 507.
Package epstopdf Info: Output file is already uptodate.
<Figures/GT_cylinder_eq_27_bound-eps-converted-to.pdf, id=300, 390.45876pt x 336
.25626pt>
File: Figures/GT_cylinder_eq_27_bound-eps-converted-to.pdf Graphic file (type pd
f)
<use Figures/GT_cylinder_eq_27_bound-eps-converted-to.pdf>
Package luatex.def Info: Figures/GT_cylinder_eq_27_bound-eps-converted-to.pdf  u
sed on input line 507.
(luatex.def)             Requested size: 207.0021pt x 178.26627pt.
Package epstopdf Info: Source file: <Figures/GT_cylinder_eq_27_efficacy.eps>
(epstopdf)                    date: 2020-11-02 14:49:09
(epstopdf)                    size: 73198 bytes
(epstopdf)             Output file: <Figures/GT_cylinder_eq_27_efficacy-eps-conv
erted-to.pdf>
(epstopdf)                    date: 2020-11-04 14:39:32
(epstopdf)                    size: 26647 bytes
(epstopdf)             Command: <repstopdf --outfile=Figures/GT_cylinder_eq_27_e
fficacy-eps-converted-to.pdf Figures/GT_cylinder_eq_27_efficacy.eps>
(epstopdf)             \includegraphics on input line 515.
Package epstopdf Info: Output file is already uptodate.
<Figures/GT_cylinder_eq_27_efficacy-eps-converted-to.pdf, id=303, 404.51125pt x 
318.18875pt>
File: Figures/GT_cylinder_eq_27_efficacy-eps-converted-to.pdf Graphic file (type
 pdf)
<use Figures/GT_cylinder_eq_27_efficacy-eps-converted-to.pdf>
Package luatex.def Info: Figures/GT_cylinder_eq_27_efficacy-eps-converted-to.pdf
  used on input line 515.
(luatex.def)             Requested size: 207.0021pt x 162.82759pt.
Package epstopdf Info: Source file: <Figures/GT_cylinder_theta.eps>
(epstopdf)                    date: 2020-11-02 14:49:11
(epstopdf)                    size: 53025 bytes
(epstopdf)             Output file: <Figures/GT_cylinder_theta-eps-converted-to.
pdf>
(epstopdf)                    date: 2020-11-04 14:39:33
(epstopdf)                    size: 15959 bytes
(epstopdf)             Command: <repstopdf --outfile=Figures/GT_cylinder_theta-e
ps-converted-to.pdf Figures/GT_cylinder_theta.eps>
(epstopdf)             \includegraphics on input line 524.
Package epstopdf Info: Output file is already uptodate.
<Figures/GT_cylinder_theta-eps-converted-to.pdf, id=306, 403.5075pt x 318.18875p
t>
File: Figures/GT_cylinder_theta-eps-converted-to.pdf Graphic file (type pdf)
<use Figures/GT_cylinder_theta-eps-converted-to.pdf>
Package luatex.def Info: Figures/GT_cylinder_theta-eps-converted-to.pdf  used on
 input line 524.
(luatex.def)             Requested size: 207.0021pt x 163.23543pt.
Package epstopdf Info: Source file: <Figures/GT_cylinder_Y.eps>
(epstopdf)                    date: 2020-11-02 14:49:12
(epstopdf)                    size: 56956 bytes
(epstopdf)             Output file: <Figures/GT_cylinder_Y-eps-converted-to.pdf>

(epstopdf)                    date: 2020-11-04 14:39:33
(epstopdf)                    size: 19407 bytes
(epstopdf)             Command: <repstopdf --outfile=Figures/GT_cylinder_Y-eps-c
onverted-to.pdf Figures/GT_cylinder_Y.eps>
(epstopdf)             \includegraphics on input line 533.
Package epstopdf Info: Output file is already uptodate.
<Figures/GT_cylinder_Y-eps-converted-to.pdf, id=307, 406.51875pt x 318.18875pt>
File: Figures/GT_cylinder_Y-eps-converted-to.pdf Graphic file (type pdf)
<use Figures/GT_cylinder_Y-eps-converted-to.pdf>
Package luatex.def Info: Figures/GT_cylinder_Y-eps-converted-to.pdf  used on inp
ut line 533.
(luatex.def)             Requested size: 207.0021pt x 162.02164pt.
Package epstopdf Info: Source file: <Figures/GT_cylinder_Y_ratio.eps>
(epstopdf)                    date: 2020-11-02 14:49:16
(epstopdf)                    size: 115134 bytes
(epstopdf)             Output file: <Figures/GT_cylinder_Y_ratio-eps-converted-t
o.pdf>
(epstopdf)                    date: 2020-11-04 14:39:34
(epstopdf)                    size: 62281 bytes
(epstopdf)             Command: <repstopdf --outfile=Figures/GT_cylinder_Y_ratio
-eps-converted-to.pdf Figures/GT_cylinder_Y_ratio.eps>
(epstopdf)             \includegraphics on input line 541.
Package epstopdf Info: Output file is already uptodate.
<Figures/GT_cylinder_Y_ratio-eps-converted-to.pdf, id=308, 404.51125pt x 336.256
26pt>
File: Figures/GT_cylinder_Y_ratio-eps-converted-to.pdf Graphic file (type pdf)
<use Figures/GT_cylinder_Y_ratio-eps-converted-to.pdf>
Package luatex.def Info: Figures/GT_cylinder_Y_ratio-eps-converted-to.pdf  used 
on input line 541.
(luatex.def)             Requested size: 207.0021pt x 172.07333pt.

Underfull \hbox (badness 10000) in paragraph at lines 548--549

 []

[15<./Figures/GT_mid_eq_27_bound-eps-converted-to.pdf><./Figures/GT_mid_eq_27_ef
ficacy-eps-converted-to.pdf>] [16<./Figures/GT_mid_theta-eps-converted-to.pdf><.
/Figures/GT_mid_Y-eps-converted-to.pdf>]
Package epstopdf Info: Source file: <Figures/Airfoil_eq_27_bound.eps>
(epstopdf)                    date: 2020-11-17 11:21:12
(epstopdf)                    size: 122207 bytes
(epstopdf)             Output file: <Figures/Airfoil_eq_27_bound-eps-converted-t
o.pdf>
(epstopdf)                    date: 2020-11-17 11:38:39
(epstopdf)                    size: 57660 bytes
(epstopdf)             Command: <repstopdf --outfile=Figures/Airfoil_eq_27_bound
-eps-converted-to.pdf Figures/Airfoil_eq_27_bound.eps>
(epstopdf)             \includegraphics on input line 564.
Package epstopdf Info: Output file is already uptodate.
<Figures/Airfoil_eq_27_bound-eps-converted-to.pdf, id=340, 406.51875pt x 319.192
5pt>
File: Figures/Airfoil_eq_27_bound-eps-converted-to.pdf Graphic file (type pdf)
<use Figures/Airfoil_eq_27_bound-eps-converted-to.pdf>
Package luatex.def Info: Figures/Airfoil_eq_27_bound-eps-converted-to.pdf  used 
on input line 564.
(luatex.def)             Requested size: 207.0021pt x 162.53275pt.
Package epstopdf Info: Source file: <Figures/Airfoil_eq_27_efficacy.eps>
(epstopdf)                    date: 2020-11-02 10:17:39
(epstopdf)                    size: 77148 bytes
(epstopdf)             Output file: <Figures/Airfoil_eq_27_efficacy-eps-converte
d-to.pdf>
(epstopdf)                    date: 2020-11-04 13:55:52
(epstopdf)                    size: 27780 bytes
(epstopdf)             Command: <repstopdf --outfile=Figures/Airfoil_eq_27_effic
acy-eps-converted-to.pdf Figures/Airfoil_eq_27_efficacy.eps>
(epstopdf)             \includegraphics on input line 572.
Package epstopdf Info: Output file is already uptodate.
<Figures/Airfoil_eq_27_efficacy-eps-converted-to.pdf, id=343, 446.66875pt x 346.
29375pt>
File: Figures/Airfoil_eq_27_efficacy-eps-converted-to.pdf Graphic file (type pdf
)
<use Figures/Airfoil_eq_27_efficacy-eps-converted-to.pdf>
Package luatex.def Info: Figures/Airfoil_eq_27_efficacy-eps-converted-to.pdf  us
ed on input line 572.
(luatex.def)             Requested size: 207.0021pt x 160.48595pt.
Package epstopdf Info: Source file: <Figures/Airfoil_theta.eps>
(epstopdf)                    date: 2020-11-02 10:19:03
(epstopdf)                    size: 58297 bytes
(epstopdf)             Output file: <Figures/Airfoil_theta-eps-converted-to.pdf>

(epstopdf)                    date: 2020-11-04 13:55:53
(epstopdf)                    size: 18872 bytes
(epstopdf)             Command: <repstopdf --outfile=Figures/Airfoil_theta-eps-c
onverted-to.pdf Figures/Airfoil_theta.eps>
(epstopdf)             \includegraphics on input line 581.
Package epstopdf Info: Output file is already uptodate.
<Figures/Airfoil_theta-eps-converted-to.pdf, id=346, 446.66875pt x 346.29375pt>
File: Figures/Airfoil_theta-eps-converted-to.pdf Graphic file (type pdf)
<use Figures/Airfoil_theta-eps-converted-to.pdf>
Package luatex.def Info: Figures/Airfoil_theta-eps-converted-to.pdf  used on inp
ut line 581.
(luatex.def)             Requested size: 207.0021pt x 160.48595pt.
Package epstopdf Info: Source file: <Figures/Airfoil_Y.eps>
(epstopdf)                    date: 2020-11-02 10:18:49
(epstopdf)                    size: 56542 bytes
(epstopdf)             Output file: <Figures/Airfoil_Y-eps-converted-to.pdf>
(epstopdf)                    date: 2020-11-04 13:55:53
(epstopdf)                    size: 17621 bytes
(epstopdf)             Command: <repstopdf --outfile=Figures/Airfoil_Y-eps-conve
rted-to.pdf Figures/Airfoil_Y.eps>
(epstopdf)             \includegraphics on input line 590.
Package epstopdf Info: Output file is already uptodate.
<Figures/Airfoil_Y-eps-converted-to.pdf, id=347, 446.66875pt x 346.29375pt>
File: Figures/Airfoil_Y-eps-converted-to.pdf Graphic file (type pdf)
<use Figures/Airfoil_Y-eps-converted-to.pdf>
Package luatex.def Info: Figures/Airfoil_Y-eps-converted-to.pdf  used on input l
ine 590.
(luatex.def)             Requested size: 207.0021pt x 160.48595pt.
Package epstopdf Info: Source file: <Figures/Airfoil_Y_ratio.eps>
(epstopdf)                    date: 2020-11-02 10:18:03
(epstopdf)                    size: 122756 bytes
(epstopdf)             Output file: <Figures/Airfoil_Y_ratio-eps-converted-to.pd
f>
(epstopdf)                    date: 2020-11-04 13:56:10
(epstopdf)                    size: 67567 bytes
(epstopdf)             Command: <repstopdf --outfile=Figures/Airfoil_Y_ratio-eps
-converted-to.pdf Figures/Airfoil_Y_ratio.eps>
(epstopdf)             \includegraphics on input line 598.
Package epstopdf Info: Output file is already uptodate.
<Figures/Airfoil_Y_ratio-eps-converted-to.pdf, id=348, 446.66875pt x 346.29375pt
>
File: Figures/Airfoil_Y_ratio-eps-converted-to.pdf Graphic file (type pdf)
<use Figures/Airfoil_Y_ratio-eps-converted-to.pdf>
Package luatex.def Info: Figures/Airfoil_Y_ratio-eps-converted-to.pdf  used on i
nput line 598.
(luatex.def)             Requested size: 207.0021pt x 160.48595pt.
Package epstopdf Info: Source file: <Figures/LDC_eq_27_bound_30reps.eps>
(epstopdf)                    date: 2020-11-17 14:39:29
(epstopdf)                    size: 73304 bytes
(epstopdf)             Output file: <Figures/LDC_eq_27_bound_30reps-eps-converte
d-to.pdf>
(epstopdf)                    date: 2020-11-17 15:09:14
(epstopdf)                    size: 37170 bytes
(epstopdf)             Command: <repstopdf --outfile=Figures/LDC_eq_27_bound_30r
eps-eps-converted-to.pdf Figures/LDC_eq_27_bound_30reps.eps>
(epstopdf)             \includegraphics on input line 608.
Package epstopdf Info: Output file is already uptodate.
<Figures/LDC_eq_27_bound_30reps-eps-converted-to.pdf, id=349, 446.66875pt x 346.
29375pt>
File: Figures/LDC_eq_27_bound_30reps-eps-converted-to.pdf Graphic file (type pdf
)
<use Figures/LDC_eq_27_bound_30reps-eps-converted-to.pdf>
Package luatex.def Info: Figures/LDC_eq_27_bound_30reps-eps-converted-to.pdf  us
ed on input line 608.
(luatex.def)             Requested size: 207.0021pt x 160.48595pt.
Package epstopdf Info: Source file: <Figures/GT_mid_eq_27_bound_30reps.eps>
(epstopdf)                    date: 2020-11-17 14:52:26
(epstopdf)                    size: 98979 bytes
(epstopdf)             Output file: <Figures/GT_mid_eq_27_bound_30reps-eps-conve
rted-to.pdf>
(epstopdf)                    date: 2020-11-17 15:09:15
(epstopdf)                    size: 45355 bytes
(epstopdf)             Command: <repstopdf --outfile=Figures/GT_mid_eq_27_bound_
30reps-eps-converted-to.pdf Figures/GT_mid_eq_27_bound_30reps.eps>
(epstopdf)             \includegraphics on input line 617.
Package epstopdf Info: Output file is already uptodate.
<Figures/GT_mid_eq_27_bound_30reps-eps-converted-to.pdf, id=354, 446.66875pt x 3
46.29375pt>
File: Figures/GT_mid_eq_27_bound_30reps-eps-converted-to.pdf Graphic file (type 
pdf)
<use Figures/GT_mid_eq_27_bound_30reps-eps-converted-to.pdf>
Package luatex.def Info: Figures/GT_mid_eq_27_bound_30reps-eps-converted-to.pdf 
 used on input line 617.
(luatex.def)             Requested size: 207.0021pt x 160.48595pt.
Package epstopdf Info: Source file: <Figures/GT_cylinder_eq_27_bound_30reps.eps>

(epstopdf)                    date: 2020-11-17 14:56:08
(epstopdf)                    size: 127565 bytes
(epstopdf)             Output file: <Figures/GT_cylinder_eq_27_bound_30reps-eps-
converted-to.pdf>
(epstopdf)                    date: 2020-11-17 15:11:43
(epstopdf)                    size: 61749 bytes
(epstopdf)             Command: <repstopdf --outfile=Figures/GT_cylinder_eq_27_b
ound_30reps-eps-converted-to.pdf Figures/GT_cylinder_eq_27_bound_30reps.eps>
(epstopdf)             \includegraphics on input line 626.
Package epstopdf Info: Output file is already uptodate.
<Figures/GT_cylinder_eq_27_bound_30reps-eps-converted-to.pdf, id=357, 446.66875p
t x 346.29375pt>
File: Figures/GT_cylinder_eq_27_bound_30reps-eps-converted-to.pdf Graphic file (
type pdf)
<use Figures/GT_cylinder_eq_27_bound_30reps-eps-converted-to.pdf>
Package luatex.def Info: Figures/GT_cylinder_eq_27_bound_30reps-eps-converted-to
.pdf  used on input line 626.
(luatex.def)             Requested size: 207.0021pt x 160.48595pt.
Package epstopdf Info: Source file: <Figures/Airfoil_eq_27_bound_30reps.eps>
(epstopdf)                    date: 2020-11-17 14:37:36
(epstopdf)                    size: 122306 bytes
(epstopdf)             Output file: <Figures/Airfoil_eq_27_bound_30reps-eps-conv
erted-to.pdf>
(epstopdf)                    date: 2020-11-17 15:02:26
(epstopdf)                    size: 57958 bytes
(epstopdf)             Command: <repstopdf --outfile=Figures/Airfoil_eq_27_bound
_30reps-eps-converted-to.pdf Figures/Airfoil_eq_27_bound_30reps.eps>
(epstopdf)             \includegraphics on input line 637.
Package epstopdf Info: Output file is already uptodate.
<Figures/Airfoil_eq_27_bound_30reps-eps-converted-to.pdf, id=360, 446.66875pt x 
346.29375pt>
File: Figures/Airfoil_eq_27_bound_30reps-eps-converted-to.pdf Graphic file (type
 pdf)
<use Figures/Airfoil_eq_27_bound_30reps-eps-converted-to.pdf>
Package luatex.def Info: Figures/Airfoil_eq_27_bound_30reps-eps-converted-to.pdf
  used on input line 637.
(luatex.def)             Requested size: 207.0021pt x 160.48595pt.
Package atveryend Info: Empty hook `BeforeClearDocument' on input line 643.
 [17<./Figures/GT_mid_Y_ratio-eps-converted-to.pdf><./Figures/GT_cylinder_eq_27_
bound-eps-converted-to.pdf>]
[18<./Figures/GT_cylinder_eq_27_efficacy-eps-converted-to.pdf><./Figures/GT_cyli
nder_theta-eps-converted-to.pdf>] [19<./Figures/GT_cylinder_Y-eps-converted-to.p
df><./Figures/GT_cylinder_Y_ratio-eps-converted-to.pdf>] [20<./Figures/Airfoil_e
q_27_bound-eps-converted-to.pdf><./Figures/Airfoil_eq_27_efficacy-eps-converted-
to.pdf>] [21<./Figures/Airfoil_theta-eps-converted-to.pdf><./Figures/Airfoil_Y-e
ps-converted-to.pdf>] [22<./Figures/Airfoil_Y_ratio-eps-converted-to.pdf><./Figu
res/LDC_eq_27_bound_30reps-eps-converted-to.pdf>] [23<./Figures/GT_mid_eq_27_bou
nd_30reps-eps-converted-to.pdf><./Figures/GT_cylinder_eq_27_bound_30reps-eps-con
verted-to.pdf>] [24<./Figures/Airfoil_eq_27_bound_30reps-eps-converted-to.pdf>]
Package atveryend Info: Empty hook `AfterLastShipout' on input line 643.
 (./BiFiPCE_JH_FN.aux)
Package atveryend Info: Executing hook `AtVeryEndDocument' on input line 643.
Package atveryend Info: Executing hook `AtEndAfterFileList' on input line 643.
Package rerunfilecheck Info: File `BiFiPCE_JH_FN.out' has not changed.
(rerunfilecheck)             Checksum: D41D8CD98F00B204E9800998ECF8427E;0.


LaTeX Warning: Label(s) may have changed. Rerun to get cross-references right.

Package atveryend Info: Empty hook `AtVeryVeryEnd' on input line 643.
)

Here is how much of LuaTeX's memory you used:
 30350 strings out of 494291
 100000,794899 words of node,token memory allocated
 689 words of node memory still in use:
   7 hlist, 2 vlist, 2 rule, 2 glue, 4 kern, 4 sub_mlist, 1 glyph, 12 attribute,
 84 glue_spec, 12 attribute_list, 1 write nodes
   avail lists: 1:1,2:829,3:216,4:83,5:255,6:44,7:3674,8:53,9:634,10:10,11:233
 33596 multiletter control sequences out of 65536+600000
 62 fonts using 8125679 bytes
 61i,12n,95p,715b,827s stack positions out of 5000i,500n,10000p,200000b,100000s
</usr/local/texlive/2019/texmf-dist/fonts/opentype/public/lm/lmroman10-italic.ot
f></usr/local/texlive/2019/texmf-dist/fonts/opentype/public/lm/lmroman10-regular
.otf></usr/local/texlive/2019/texmf-dist/fonts/opentype/public/lm/lmroman10-bold
.otf></usr/local/texlive/2019/texmf-dist/fonts/type1/public/amsfonts/cm/cmbx10.p
fb></usr/local/texlive/2019/texmf-dist/fonts/type1/public/amsfonts/cm/cmex10.pfb
></usr/local/texlive/2019/texmf-dist/fonts/type1/public/amsfonts/cm/cmmi10.pfb><
/usr/local/texlive/2019/texmf-dist/fonts/type1/public/amsfonts/cm/cmmi5.pfb></us
r/local/texlive/2019/texmf-dist/fonts/type1/public/amsfonts/cm/cmmi7.pfb></usr/l
ocal/texlive/2019/texmf-dist/fonts/type1/public/amsfonts/cm/cmmib10.pfb></usr/lo
cal/texlive/2019/texmf-dist/fonts/type1/public/amsfonts/cmextra/cmmib7.pfb></usr
/local/texlive/2019/texmf-dist/fonts/type1/public/amsfonts/cm/cmr10.pfb></usr/lo
cal/texlive/2019/texmf-dist/fonts/type1/public/amsfonts/cm/cmr5.pfb></usr/local/
texlive/2019/texmf-dist/fonts/type1/public/amsfonts/cm/cmr7.pfb></usr/local/texl
ive/2019/texmf-dist/fonts/type1/public/amsfonts/cm/cmsy10.pfb></usr/local/texliv
e/2019/texmf-dist/fonts/type1/public/amsfonts/cm/cmsy5.pfb></usr/local/texlive/2
019/texmf-dist/fonts/type1/public/amsfonts/cm/cmsy7.pfb></usr/local/texlive/2019
/texmf-dist/fonts/type1/public/amsfonts/symbols/msam10.pfb></usr/local/texlive/2
019/texmf-dist/fonts/type1/public/amsfonts/symbols/msbm10.pfb>
Output written on BiFiPCE_JH_FN.pdf (24 pages, 1050982 bytes).

PDF statistics: 511 PDF objects out of 1000 (max. 8388607)
 407 compressed objects within 5 object streams
 103 named destinations out of 1000 (max. 131072)
 1 words of extra memory for PDF output out of 10000 (max. 100000000)

